Using pre-set license
Built from '2021.2/staging' branch; Version is '2021.2.13f1 (90b6766da538) revision 9483894'; Using compiler version '192829333'; Build Type 'Release'
OS: 'Windows 10  (10.0.19044) 64bit Core' Language: 'en' Physical Memory: 8039 MB
BatchMode: 1, IsHumanControllingUs: 0, StartBugReporterOnCrash: 0, Is64bit: 1, IsPro: 1

COMMAND LINE ARGUMENTS:
C:\Program Files\Unity\Hub\Editor\2021.2.13f1\Editor\Unity.exe
-adb2
-batchMode
-noUpm
-name
AssetImportWorker0
-projectPath
C:/Users/gholt/Desktop/Unity/deltablade/DeltaBlade
-logFile
Logs/AssetImportWorker0.log
-srvPort
56094
Successfully changed project path to: C:/Users/gholt/Desktop/Unity/deltablade/DeltaBlade
C:/Users/gholt/Desktop/Unity/deltablade/DeltaBlade
[UnityMemory] Configuration Parameters - Can be set up in boot.config
    "memorysetup-bucket-allocator-granularity=16"
    "memorysetup-bucket-allocator-bucket-count=8"
    "memorysetup-bucket-allocator-block-size=33554432"
    "memorysetup-bucket-allocator-block-count=8"
    "memorysetup-main-allocator-block-size=16777216"
    "memorysetup-thread-allocator-block-size=16777216"
    "memorysetup-gfx-main-allocator-block-size=16777216"
    "memorysetup-gfx-thread-allocator-block-size=16777216"
    "memorysetup-cache-allocator-block-size=4194304"
    "memorysetup-typetree-allocator-block-size=2097152"
    "memorysetup-profiler-bucket-allocator-granularity=16"
    "memorysetup-profiler-bucket-allocator-bucket-count=8"
    "memorysetup-profiler-bucket-allocator-block-size=33554432"
    "memorysetup-profiler-bucket-allocator-block-count=8"
    "memorysetup-profiler-allocator-block-size=16777216"
    "memorysetup-profiler-editor-allocator-block-size=1048576"
    "memorysetup-temp-allocator-size-main=16777216"
    "memorysetup-job-temp-allocator-block-size=2097152"
    "memorysetup-job-temp-allocator-block-size-background=1048576"
    "memorysetup-job-temp-allocator-reduction-small-platforms=262144"
    "memorysetup-temp-allocator-size-background-worker=32768"
    "memorysetup-temp-allocator-size-job-worker=262144"
    "memorysetup-temp-allocator-size-preload-manager=33554432"
    "memorysetup-temp-allocator-size-nav-mesh-worker=65536"
    "memorysetup-temp-allocator-size-audio-worker=65536"
    "memorysetup-temp-allocator-size-cloud-worker=32768"
    "memorysetup-temp-allocator-size-gi-baking-worker=262144"
    "memorysetup-temp-allocator-size-gfx=262144"
Refreshing native plugins compatible for Editor in 104.41 ms, found 4 plugins.
Preloading 0 native plugins for Editor in 0.00 ms.
Initialize engine version: 2021.2.13f1 (90b6766da538)
[Subsystems] Discovering subsystems at path C:/Program Files/Unity/Hub/Editor/2021.2.13f1/Editor/Data/Resources/UnitySubsystems
[Subsystems] Discovering subsystems at path C:/Users/gholt/Desktop/Unity/deltablade/DeltaBlade/Assets
GfxDevice: creating device client; threaded=0; jobified=0
Direct3D:
    Version:  Direct3D 11.0 [level 11.1]
    Renderer: NVIDIA GeForce MX250 (ID=0x1d13)
    Vendor:   NVIDIA
    VRAM:     1983 MB
    Driver:   26.21.14.4137
Initialize mono
Mono path[0] = 'C:/Program Files/Unity/Hub/Editor/2021.2.13f1/Editor/Data/Managed'
Mono path[1] = 'C:/Program Files/Unity/Hub/Editor/2021.2.13f1/Editor/Data/MonoBleedingEdge/lib/mono/unityjit-win32'
Mono config path = 'C:/Program Files/Unity/Hub/Editor/2021.2.13f1/Editor/Data/MonoBleedingEdge/etc'
Using monoOptions --debugger-agent=transport=dt_socket,embedding=1,server=y,suspend=n,address=127.0.0.1:56508
Begin MonoManager ReloadAssembly
Registering precompiled unity dll's ...
Register platform support module: C:/Program Files/Unity/Hub/Editor/2021.2.13f1/Editor/Data/PlaybackEngines/WindowsStandaloneSupport/UnityEditor.WindowsStandalone.Extensions.dll
Registered in 0.010087 seconds.
Native extension for WindowsStandalone target not found
Refreshing native plugins compatible for Editor in 103.11 ms, found 4 plugins.
Preloading 0 native plugins for Editor in 0.00 ms.
Mono: successfully reloaded assembly
- Completed reload, in  0.779 seconds
Domain Reload Profiling:
	ReloadAssembly (780ms)
		BeginReloadAssembly (87ms)
			ExecutionOrderSort (0ms)
			DisableScriptedObjects (0ms)
			BackupInstance (0ms)
			ReleaseScriptingObjects (0ms)
			CreateAndSetChildDomain (1ms)
		EndReloadAssembly (566ms)
			LoadAssemblies (83ms)
			RebuildTransferFunctionScriptingTraits (0ms)
			SetupTypeCache (119ms)
			ReleaseScriptCaches (0ms)
			RebuildScriptCaches (31ms)
			SetupLoadedEditorAssemblies (360ms)
				LogAssemblyErrors (0ms)
				InitializePlatformSupportModulesInManaged (9ms)
				SetLoadedEditorAssemblies (0ms)
				RefreshPlugins (103ms)
				BeforeProcessingInitializeOnLoad (1ms)
				ProcessInitializeOnLoadAttributes (176ms)
				ProcessInitializeOnLoadMethodAttributes (70ms)
				AfterProcessingInitializeOnLoad (0ms)
				EditorAssembliesLoaded (0ms)
			ExecutionOrderSort2 (0ms)
			AwakeInstancesAfterBackupRestoration (0ms)
Platform modules already initialized, skipping
Registering precompiled user dll's ...
Registered in 0.013912 seconds.
Begin MonoManager ReloadAssembly
Symbol file LoadedFromMemory doesn't match image C:\Users\gholt\Desktop\Unity\deltablade\DeltaBlade\Library\PackageCache\com.unity.visualscripting@1.7.6\Editor\VisualScripting.Core\Dependencies\YamlDotNet\Unity.VisualScripting.YamlDotNet.dll
Symbol file LoadedFromMemory doesn't match image C:\Users\gholt\Desktop\Unity\deltablade\DeltaBlade\Library\PackageCache\com.unity.visualscripting@1.7.6\Editor\VisualScripting.Core\Dependencies\DotNetZip\Unity.VisualScripting.IonicZip.dll
Native extension for WindowsStandalone target not found
Refreshing native plugins compatible for Editor in 105.14 ms, found 4 plugins.
Preloading 0 native plugins for Editor in 0.00 ms.
Mono: successfully reloaded assembly
- Completed reload, in  1.780 seconds
Domain Reload Profiling:
	ReloadAssembly (1782ms)
		BeginReloadAssembly (124ms)
			ExecutionOrderSort (0ms)
			DisableScriptedObjects (6ms)
			BackupInstance (0ms)
			ReleaseScriptingObjects (0ms)
			CreateAndSetChildDomain (21ms)
		EndReloadAssembly (1511ms)
			LoadAssemblies (124ms)
			RebuildTransferFunctionScriptingTraits (0ms)
			SetupTypeCache (249ms)
			ReleaseScriptCaches (1ms)
			RebuildScriptCaches (60ms)
			SetupLoadedEditorAssemblies (1022ms)
				LogAssemblyErrors (0ms)
				InitializePlatformSupportModulesInManaged (6ms)
				SetLoadedEditorAssemblies (0ms)
				RefreshPlugins (105ms)
				BeforeProcessingInitializeOnLoad (109ms)
				ProcessInitializeOnLoadAttributes (742ms)
				ProcessInitializeOnLoadMethodAttributes (48ms)
				AfterProcessingInitializeOnLoad (13ms)
				EditorAssembliesLoaded (0ms)
			ExecutionOrderSort2 (0ms)
			AwakeInstancesAfterBackupRestoration (8ms)
Platform modules already initialized, skipping
========================================================================
Worker process is ready to serve import requests
Launched and connected shader compiler UnityShaderCompiler.exe after 0.11 seconds
Refreshing native plugins compatible for Editor in 1.34 ms, found 4 plugins.
Preloading 0 native plugins for Editor in 0.00 ms.
Unloading 3906 Unused Serialized files (Serialized files now loaded: 0)
Unloading 40 unused Assets / (225.3 KB). Loaded Objects now: 4358.
Memory consumption went from 146.7 MB to 146.5 MB.
Total: 6.628000 ms (FindLiveObjects: 0.365900 ms CreateObjectMapping: 0.285600 ms MarkObjects: 5.798700 ms  DeleteObjects: 0.176500 ms)

AssetImportParameters requested are different than current active one (requested -> active):
  custom:video-decoder-ogg-theora: a1e56fd34408186e4bbccfd4996cb3dc -> 
  custom:container-muxer-webm: aa71ff27fc2769a1b78a27578f13a17b -> 
  custom:container-demuxer-webm: 4f35f7cbe854078d1ac9338744f61a02 -> 
  custom:video-encoder-webm-vp8: eb34c28f22e8b96e1ab97ce403110664 -> 
  custom:audio-encoder-webm-vorbis: bf7c407c2cedff20999df2af8eb42d56 -> 
  custom:framework-win-MediaFoundation: 216162199b28c13a410421893ffa2e32 -> 
  custom:container-demuxer-ogg: 62fdf1f143b41e24485cea50d1cbac27 -> 
  custom:video-decoder-webm-vp8: 9c59270c3fd7afecdb556c50c9e8de78 -> 
  custom:audio-decoder-ogg-vorbis: bf7c407c2cedff20999df2af8eb42d56 -> 
========================================================================
Received Import Request.
  Time since last request: 1070414.204389 seconds.
  path: Assets/Asset Packs
  artifactKey: Guid(be57c8973b1156a4d9cecd2c8c58cc1a) Importer(815301076,1909f56bfc062723c751e8b465ee728b)
Start importing Assets/Asset Packs using Guid(be57c8973b1156a4d9cecd2c8c58cc1a) Importer(815301076,1909f56bfc062723c751e8b465ee728b)  -> (artifact id: '42df02500e9e0af550fc4208b93a9e17') in 0.014574 seconds 
========================================================================
Received Import Request.
  Time since last request: 8.807060 seconds.
  path: Assets/Prefabs
  artifactKey: Guid(bc021add42634584db4fe8c353e04493) Importer(815301076,1909f56bfc062723c751e8b465ee728b)
Start importing Assets/Prefabs using Guid(bc021add42634584db4fe8c353e04493) Importer(815301076,1909f56bfc062723c751e8b465ee728b)  -> (artifact id: 'a6bc7578574a118d3925a50d123200c5') in 0.009775 seconds 
========================================================================
Received Import Request.
  Time since last request: 38.591990 seconds.
  path: Assets/Axe Image.png
  artifactKey: Guid(645cbe57eac10924fa7cebd956549f85) Importer(815301076,1909f56bfc062723c751e8b465ee728b)
Start importing Assets/Axe Image.png using Guid(645cbe57eac10924fa7cebd956549f85) Importer(815301076,1909f56bfc062723c751e8b465ee728b)  -> (artifact id: 'acbf5cab8fc465ee1c59b9bc396632db') in 0.158948 seconds 
========================================================================
Received Import Request.
  Time since last request: 2.127867 seconds.
  path: Assets/Knight Sword.png
  artifactKey: Guid(acc4f2a67d64ccd4b843b2f8681a9612) Importer(815301076,1909f56bfc062723c751e8b465ee728b)
Start importing Assets/Knight Sword.png using Guid(acc4f2a67d64ccd4b843b2f8681a9612) Importer(815301076,1909f56bfc062723c751e8b465ee728b)  -> (artifact id: 'cdd5b7238adc9b66582fa4cc3bdcefa6') in 0.019404 seconds 
========================================================================
Received Import Request.
  Time since last request: 8.120461 seconds.
  path: Assets/Materials
  artifactKey: Guid(018473fef30a10c45862d2214e291ae9) Importer(815301076,1909f56bfc062723c751e8b465ee728b)
Start importing Assets/Materials using Guid(018473fef30a10c45862d2214e291ae9) Importer(815301076,1909f56bfc062723c751e8b465ee728b)  -> (artifact id: 'e7f8e47040bacab4f86fcf233ca5cd0b') in 0.007873 seconds 
========================================================================
Received Import Request.
  Time since last request: 10.213669 seconds.
  path: Assets/Materials/Knight Sword.png
  artifactKey: Guid(acc4f2a67d64ccd4b843b2f8681a9612) Importer(815301076,1909f56bfc062723c751e8b465ee728b)
Start importing Assets/Materials/Knight Sword.png using Guid(acc4f2a67d64ccd4b843b2f8681a9612) Importer(815301076,1909f56bfc062723c751e8b465ee728b)  -> (artifact id: 'a994504b1e140aaf86f5bf9fbf68df0a') in 0.015490 seconds 
========================================================================
Received Import Request.
  Time since last request: 4.515717 seconds.
  path: Assets/Materials/Axe Image.png
  artifactKey: Guid(645cbe57eac10924fa7cebd956549f85) Importer(815301076,1909f56bfc062723c751e8b465ee728b)
Start importing Assets/Materials/Axe Image.png using Guid(645cbe57eac10924fa7cebd956549f85) Importer(815301076,1909f56bfc062723c751e8b465ee728b)  -> (artifact id: 'fb9774c1eb2fb396e1d03b3db75ce3f5') in 0.015774 seconds 
========================================================================
Received Import Request.
  Time since last request: 276.916341 seconds.
  path: Assets/Asset Packs/Medieval_pixel_art_asset_FREE
  artifactKey: Guid(ed817d769c09a804a8806b477d817773) Importer(815301076,1909f56bfc062723c751e8b465ee728b)
Start importing Assets/Asset Packs/Medieval_pixel_art_asset_FREE using Guid(ed817d769c09a804a8806b477d817773) Importer(815301076,1909f56bfc062723c751e8b465ee728b)  -> (artifact id: 'e8557f41b53c7d8f55cbf939a69d4c28') in 0.009105 seconds 
========================================================================
Received Import Request.
  Time since last request: 8.919548 seconds.
  path: Assets/Asset Packs/Medieval_Warriors_Pack
  artifactKey: Guid(5d1a62f1a6df1ac468f526d9134184a8) Importer(815301076,1909f56bfc062723c751e8b465ee728b)
Start importing Assets/Asset Packs/Medieval_Warriors_Pack using Guid(5d1a62f1a6df1ac468f526d9134184a8) Importer(815301076,1909f56bfc062723c751e8b465ee728b)  -> (artifact id: 'bf8e33e3a0be414f1ccc97e2078fa8ad') in 0.007987 seconds 
========================================================================
Received Import Request.
  Time since last request: 4.236346 seconds.
  path: Assets/Asset Packs/Medieval_Warriors_Pack/Knight1
  artifactKey: Guid(27cdf639174be434fbabdc6143a72ac9) Importer(815301076,1909f56bfc062723c751e8b465ee728b)
Start importing Assets/Asset Packs/Medieval_Warriors_Pack/Knight1 using Guid(27cdf639174be434fbabdc6143a72ac9) Importer(815301076,1909f56bfc062723c751e8b465ee728b)  -> (artifact id: '67de20b663199a0cf9900df4071b5e39') in 0.008226 seconds 
========================================================================
Received Import Request.
  Time since last request: 0.047390 seconds.
  path: Assets/Asset Packs/Medieval_Warriors_Pack/Knight1/Knight1_Axe.prefab
  artifactKey: Guid(355b3d640473dd94f83c175e37943f09) Importer(815301076,1909f56bfc062723c751e8b465ee728b)
Start importing Assets/Asset Packs/Medieval_Warriors_Pack/Knight1/Knight1_Axe.prefab using Guid(355b3d640473dd94f83c175e37943f09) Importer(815301076,1909f56bfc062723c751e8b465ee728b)  -> (artifact id: '137463a965fbeae981583ac7b7b7efb6') in 0.124385 seconds 
========================================================================
Received Import Request.
  Time since last request: 0.000037 seconds.
  path: Assets/Asset Packs/Medieval_Warriors_Pack/Knight1/Knight1_Sword.prefab
  artifactKey: Guid(3fdccf0953361f043bc2cee9c5cd1558) Importer(815301076,1909f56bfc062723c751e8b465ee728b)
Start importing Assets/Asset Packs/Medieval_Warriors_Pack/Knight1/Knight1_Sword.prefab using Guid(3fdccf0953361f043bc2cee9c5cd1558) Importer(815301076,1909f56bfc062723c751e8b465ee728b)  -> (artifact id: 'a0d54a687eee56437a61ba92aa60e6de') in 0.055926 seconds 
========================================================================
Received Import Request.
  Time since last request: 70.262888 seconds.
  path: Assets/Asset Packs/Medieval_Warriors_Pack/Knight1/Axe
  artifactKey: Guid(3256b5520dd20eb448d0ae8065873f32) Importer(815301076,1909f56bfc062723c751e8b465ee728b)
Start importing Assets/Asset Packs/Medieval_Warriors_Pack/Knight1/Axe using Guid(3256b5520dd20eb448d0ae8065873f32) Importer(815301076,1909f56bfc062723c751e8b465ee728b)  -> (artifact id: 'a6d54f67dbbd2d6e3c86747239dee31b') in 0.010246 seconds 
========================================================================
Received Import Request.
  Time since last request: 2.730167 seconds.
  path: Assets/Asset Packs/Medieval_Warriors_Pack/Knight1/Axe/Animations
  artifactKey: Guid(04ace67f33d88ba40b2ebff52f5146e8) Importer(815301076,1909f56bfc062723c751e8b465ee728b)
Start importing Assets/Asset Packs/Medieval_Warriors_Pack/Knight1/Axe/Animations using Guid(04ace67f33d88ba40b2ebff52f5146e8) Importer(815301076,1909f56bfc062723c751e8b465ee728b)  -> (artifact id: '3b7e09ea21872dc2642ac1f52600468f') in 0.008216 seconds 
========================================================================
Received Import Request.
  Time since last request: 29.346660 seconds.
  path: Assets/Asset Packs/Medieval_Warriors_Pack/Knight1/Disarmed
  artifactKey: Guid(a74ec899f72b5014a9e97973074f1f1d) Importer(815301076,1909f56bfc062723c751e8b465ee728b)
Start importing Assets/Asset Packs/Medieval_Warriors_Pack/Knight1/Disarmed using Guid(a74ec899f72b5014a9e97973074f1f1d) Importer(815301076,1909f56bfc062723c751e8b465ee728b)  -> (artifact id: '8305542de30daee1ea2001bc6c4bfbc3') in 0.009700 seconds 
========================================================================
Received Import Request.
  Time since last request: 2.177422 seconds.
  path: Assets/Asset Packs/Medieval_Warriors_Pack/Knight1/Disarmed/Animations
  artifactKey: Guid(7ffa0ba5cdf7fce4192e13dcca47c236) Importer(815301076,1909f56bfc062723c751e8b465ee728b)
Start importing Assets/Asset Packs/Medieval_Warriors_Pack/Knight1/Disarmed/Animations using Guid(7ffa0ba5cdf7fce4192e13dcca47c236) Importer(815301076,1909f56bfc062723c751e8b465ee728b)  -> (artifact id: 'fff5f49a7a4f37d000aeca34931b9b42') in 0.002875 seconds 
========================================================================
Received Import Request.
  Time since last request: 71.868144 seconds.
  path: Assets/Asset Packs/Medieval_Warriors_Pack/Knight1/Sword
  artifactKey: Guid(110f442de8fe71b488c962b4cb3455cf) Importer(815301076,1909f56bfc062723c751e8b465ee728b)
Start importing Assets/Asset Packs/Medieval_Warriors_Pack/Knight1/Sword using Guid(110f442de8fe71b488c962b4cb3455cf) Importer(815301076,1909f56bfc062723c751e8b465ee728b)  -> (artifact id: '634535cc6d459c80434c67ecd27a298f') in 0.007461 seconds 
========================================================================
Received Import Request.
  Time since last request: 0.674531 seconds.
  path: Assets/Asset Packs/Medieval_Warriors_Pack/Knight1/Sword/Animations
  artifactKey: Guid(c141e311ac90e0543801e9812f2f8469) Importer(815301076,1909f56bfc062723c751e8b465ee728b)
Start importing Assets/Asset Packs/Medieval_Warriors_Pack/Knight1/Sword/Animations using Guid(c141e311ac90e0543801e9812f2f8469) Importer(815301076,1909f56bfc062723c751e8b465ee728b)  -> (artifact id: '88d5b2c1542268f8835ad03370ded4c1') in 0.002948 seconds 
========================================================================
Received Import Request.
  Time since last request: 399.551652 seconds.
  path: Assets/Prefabs/Axe.prefab
  artifactKey: Guid(6d577739128c1314ca9b2ad27629df0e) Importer(815301076,1909f56bfc062723c751e8b465ee728b)
Start importing Assets/Prefabs/Axe.prefab using Guid(6d577739128c1314ca9b2ad27629df0e) Importer(815301076,1909f56bfc062723c751e8b465ee728b)  -> (artifact id: '4d501765b41ec6eeacf6b9845602a1f5') in 0.042871 seconds 
========================================================================
Received Import Request.
  Time since last request: 2.239839 seconds.
  path: Assets/Prefabs/Sword.prefab
  artifactKey: Guid(72d179ea1b4461e41b64b17913ffc1eb) Importer(815301076,1909f56bfc062723c751e8b465ee728b)
Start importing Assets/Prefabs/Sword.prefab using Guid(72d179ea1b4461e41b64b17913ffc1eb) Importer(815301076,1909f56bfc062723c751e8b465ee728b)  -> (artifact id: 'c598b6bbb25d9f9a3d7a74151b7ccc8e') in 0.023782 seconds 
========================================================================
Received Import Request.
  Time since last request: 82.638135 seconds.
  path: Assets/Prefabs/Sword.prefab
  artifactKey: Guid(72d179ea1b4461e41b64b17913ffc1eb) Importer(815301076,1909f56bfc062723c751e8b465ee728b)
Start importing Assets/Prefabs/Sword.prefab using Guid(72d179ea1b4461e41b64b17913ffc1eb) Importer(815301076,1909f56bfc062723c751e8b465ee728b)  -> (artifact id: '75cd7b2d3a7856ce900795fa86a58222') in 0.014938 seconds 
========================================================================
Received Import Request.
  Time since last request: 70.029100 seconds.
  path: Assets/PlayerMovement.cs
  artifactKey: Guid(cf3652ff2cda51c4ab72bc06ce7bf3f7) Importer(815301076,1909f56bfc062723c751e8b465ee728b)
Start importing Assets/PlayerMovement.cs using Guid(cf3652ff2cda51c4ab72bc06ce7bf3f7) Importer(815301076,1909f56bfc062723c751e8b465ee728b)  -> (artifact id: '656cd9ad9e7d683c7fabd6c6cf785542') in 0.021519 seconds 
========================================================================
Received Prepare
Registering precompiled user dll's ...
Registered in 0.009289 seconds.
Begin MonoManager ReloadAssembly
Symbol file LoadedFromMemory doesn't match image C:\Users\gholt\Desktop\Unity\deltablade\DeltaBlade\Library\PackageCache\com.unity.visualscripting@1.7.6\Editor\VisualScripting.Core\Dependencies\YamlDotNet\Unity.VisualScripting.YamlDotNet.dll
Symbol file LoadedFromMemory doesn't match image C:\Users\gholt\Desktop\Unity\deltablade\DeltaBlade\Library\PackageCache\com.unity.visualscripting@1.7.6\Editor\VisualScripting.Core\Dependencies\DotNetZip\Unity.VisualScripting.IonicZip.dll
Native extension for WindowsStandalone target not found
Refreshing native plugins compatible for Editor in 1.74 ms, found 4 plugins.
Preloading 0 native plugins for Editor in 0.00 ms.
Mono: successfully reloaded assembly
- Completed reload, in  2.484 seconds
Domain Reload Profiling:
	ReloadAssembly (2486ms)
		BeginReloadAssembly (367ms)
			ExecutionOrderSort (0ms)
			DisableScriptedObjects (22ms)
			BackupInstance (0ms)
			ReleaseScriptingObjects (0ms)
			CreateAndSetChildDomain (140ms)
		EndReloadAssembly (1869ms)
			LoadAssemblies (209ms)
			RebuildTransferFunctionScriptingTraits (0ms)
			SetupTypeCache (506ms)
			ReleaseScriptCaches (2ms)
			RebuildScriptCaches (103ms)
			SetupLoadedEditorAssemblies (984ms)
				LogAssemblyErrors (0ms)
				InitializePlatformSupportModulesInManaged (27ms)
				SetLoadedEditorAssemblies (1ms)
				RefreshPlugins (2ms)
				BeforeProcessingInitializeOnLoad (175ms)
				ProcessInitializeOnLoadAttributes (686ms)
				ProcessInitializeOnLoadMethodAttributes (68ms)
				AfterProcessingInitializeOnLoad (23ms)
				EditorAssembliesLoaded (0ms)
			ExecutionOrderSort2 (0ms)
			AwakeInstancesAfterBackupRestoration (20ms)
Platform modules already initialized, skipping
Refreshing native plugins compatible for Editor in 3.88 ms, found 4 plugins.
Preloading 0 native plugins for Editor in 0.00 ms.
Unloading 3902 Unused Serialized files (Serialized files now loaded: 0)
Unloading 27 unused Assets / (192.4 KB). Loaded Objects now: 4370.
Memory consumption went from 151.5 MB to 151.3 MB.
Total: 4.164300 ms (FindLiveObjects: 0.347100 ms CreateObjectMapping: 0.244300 ms MarkObjects: 3.312000 ms  DeleteObjects: 0.259500 ms)

AssetImportParameters requested are different than current active one (requested -> active):
  custom:video-decoder-ogg-theora: a1e56fd34408186e4bbccfd4996cb3dc -> 
  custom:container-muxer-webm: aa71ff27fc2769a1b78a27578f13a17b -> 
  custom:container-demuxer-webm: 4f35f7cbe854078d1ac9338744f61a02 -> 
  custom:video-encoder-webm-vp8: eb34c28f22e8b96e1ab97ce403110664 -> 
  custom:audio-encoder-webm-vorbis: bf7c407c2cedff20999df2af8eb42d56 -> 
  custom:framework-win-MediaFoundation: 216162199b28c13a410421893ffa2e32 -> 
  custom:container-demuxer-ogg: 62fdf1f143b41e24485cea50d1cbac27 -> 
  custom:video-decoder-webm-vp8: 9c59270c3fd7afecdb556c50c9e8de78 -> 
  custom:audio-decoder-ogg-vorbis: bf7c407c2cedff20999df2af8eb42d56 -> 
========================================================================
Received Import Request.
  Time since last request: 64.871525 seconds.
  path: Assets/Prefabs/Player.prefab
  artifactKey: Guid(abe1fe1e6c99749468d893233f5803ad) Importer(815301076,1909f56bfc062723c751e8b465ee728b)
Start importing Assets/Prefabs/Player.prefab using Guid(abe1fe1e6c99749468d893233f5803ad) Importer(815301076,1909f56bfc062723c751e8b465ee728b)  -> (artifact id: 'f119cbb90eb2f1e1ce066a4dc1e4ffc6') in 0.185045 seconds 
========================================================================
Received Import Request.
  Time since last request: 0.600947 seconds.
  path: Assets/Prefabs/Player.prefab
  artifactKey: Guid(abe1fe1e6c99749468d893233f5803ad) Importer(815301076,1909f56bfc062723c751e8b465ee728b)
Start importing Assets/Prefabs/Player.prefab using Guid(abe1fe1e6c99749468d893233f5803ad) Importer(815301076,1909f56bfc062723c751e8b465ee728b)  -> (artifact id: '0b49c4616c6cb162c39a9f0970502195') in 0.028784 seconds 
========================================================================
Received Import Request.
  Time since last request: 39.051008 seconds.
  path: Assets/Prefabs/Player.prefab
  artifactKey: Guid(abe1fe1e6c99749468d893233f5803ad) Importer(815301076,1909f56bfc062723c751e8b465ee728b)
Start importing Assets/Prefabs/Player.prefab using Guid(abe1fe1e6c99749468d893233f5803ad) Importer(815301076,1909f56bfc062723c751e8b465ee728b)  -> (artifact id: '3aa0eb0e1183de68e3ddba2b7ec82f1a') in 0.023637 seconds 
========================================================================
Received Import Request.
  Time since last request: 10.031715 seconds.
  path: Assets/Asset Packs/Medieval_pixel_art_asset_FREE/palettes
  artifactKey: Guid(b77922e1d5d31154ca6068d40f1dc7e0) Importer(815301076,1909f56bfc062723c751e8b465ee728b)
Start importing Assets/Asset Packs/Medieval_pixel_art_asset_FREE/palettes using Guid(b77922e1d5d31154ca6068d40f1dc7e0) Importer(815301076,1909f56bfc062723c751e8b465ee728b)  -> (artifact id: '11b71fad422064f1b23e2c6c22539c4d') in 0.011693 seconds 
========================================================================
Received Import Request.
  Time since last request: 0.049406 seconds.
  path: Assets/Asset Packs/Medieval_pixel_art_asset_FREE/palettes/Medieval_pixel_art_tileset_free.prefab
  artifactKey: Guid(24d7ac66bf388d14186f825aca992a57) Importer(815301076,1909f56bfc062723c751e8b465ee728b)
Start importing Assets/Asset Packs/Medieval_pixel_art_asset_FREE/palettes/Medieval_pixel_art_tileset_free.prefab using Guid(24d7ac66bf388d14186f825aca992a57) Importer(815301076,1909f56bfc062723c751e8b465ee728b)  -> (artifact id: '66498f5c1201e5206a6fe023d212357c') in 1.119823 seconds 
========================================================================
Received Import Request.
  Time since last request: 4.590487 seconds.
  path: Assets/Asset Packs/Medieval_pixel_art_asset_FREE/Textures/Medieval_props_free.png
  artifactKey: Guid(ae3918a914038694d852d0bb81f62473) Importer(815301076,1909f56bfc062723c751e8b465ee728b)
Start importing Assets/Asset Packs/Medieval_pixel_art_asset_FREE/Textures/Medieval_props_free.png using Guid(ae3918a914038694d852d0bb81f62473) Importer(815301076,1909f56bfc062723c751e8b465ee728b)  -> (artifact id: 'a6dbbc63ec7943df6b392cc91ba9851e') in 0.204236 seconds 
========================================================================
Received Import Request.
  Time since last request: 7.643404 seconds.
  path: Assets/Asset Packs/Medieval_pixel_art_asset_FREE/Textures/Medieval_tiles_free2.png
  artifactKey: Guid(cf57b3e7835b02e4493371d9bc259b1b) Importer(815301076,1909f56bfc062723c751e8b465ee728b)
Start importing Assets/Asset Packs/Medieval_pixel_art_asset_FREE/Textures/Medieval_tiles_free2.png using Guid(cf57b3e7835b02e4493371d9bc259b1b) Importer(815301076,1909f56bfc062723c751e8b465ee728b)  -> (artifact id: 'c001ce21988d0d626f9b56dfcc15b3c1') in 0.910889 seconds 
========================================================================
Received Import Request.
  Time since last request: 4.120966 seconds.
  path: Assets/Asset Packs/Medieval_pixel_art_asset_FREE/Textures/Medieval_tiles_free2.png
  artifactKey: Guid(cf57b3e7835b02e4493371d9bc259b1b) Importer(815301076,1909f56bfc062723c751e8b465ee728b)
Start importing Assets/Asset Packs/Medieval_pixel_art_asset_FREE/Textures/Medieval_tiles_free2.png using Guid(cf57b3e7835b02e4493371d9bc259b1b) Importer(815301076,1909f56bfc062723c751e8b465ee728b)  -> (artifact id: '856030012c1e0b770a0c56bf610a0578') in 0.855182 seconds 
