Using pre-set license
Built from '2021.2/staging' branch; Version is '2021.2.13f1 (90b6766da538) revision 9483894'; Using compiler version '192829333'; Build Type 'Release'
OS: 'Windows 10  (10.0.19044) 64bit Core' Language: 'en' Physical Memory: 8039 MB
BatchMode: 1, IsHumanControllingUs: 0, StartBugReporterOnCrash: 0, Is64bit: 1, IsPro: 1

COMMAND LINE ARGUMENTS:
C:\Program Files\Unity\Hub\Editor\2021.2.13f1\Editor\Unity.exe
-adb2
-batchMode
-noUpm
-name
AssetImportWorker0
-projectPath
C:/Users/gholt/Desktop/Unity/deltablade/DeltaBlade
-logFile
Logs/AssetImportWorker0.log
-srvPort
63256
Successfully changed project path to: C:/Users/gholt/Desktop/Unity/deltablade/DeltaBlade
C:/Users/gholt/Desktop/Unity/deltablade/DeltaBlade
[UnityMemory] Configuration Parameters - Can be set up in boot.config
    "memorysetup-bucket-allocator-granularity=16"
    "memorysetup-bucket-allocator-bucket-count=8"
    "memorysetup-bucket-allocator-block-size=33554432"
    "memorysetup-bucket-allocator-block-count=8"
    "memorysetup-main-allocator-block-size=16777216"
    "memorysetup-thread-allocator-block-size=16777216"
    "memorysetup-gfx-main-allocator-block-size=16777216"
    "memorysetup-gfx-thread-allocator-block-size=16777216"
    "memorysetup-cache-allocator-block-size=4194304"
    "memorysetup-typetree-allocator-block-size=2097152"
    "memorysetup-profiler-bucket-allocator-granularity=16"
    "memorysetup-profiler-bucket-allocator-bucket-count=8"
    "memorysetup-profiler-bucket-allocator-block-size=33554432"
    "memorysetup-profiler-bucket-allocator-block-count=8"
    "memorysetup-profiler-allocator-block-size=16777216"
    "memorysetup-profiler-editor-allocator-block-size=1048576"
    "memorysetup-temp-allocator-size-main=16777216"
    "memorysetup-job-temp-allocator-block-size=2097152"
    "memorysetup-job-temp-allocator-block-size-background=1048576"
    "memorysetup-job-temp-allocator-reduction-small-platforms=262144"
    "memorysetup-temp-allocator-size-background-worker=32768"
    "memorysetup-temp-allocator-size-job-worker=262144"
    "memorysetup-temp-allocator-size-preload-manager=33554432"
    "memorysetup-temp-allocator-size-nav-mesh-worker=65536"
    "memorysetup-temp-allocator-size-audio-worker=65536"
    "memorysetup-temp-allocator-size-cloud-worker=32768"
    "memorysetup-temp-allocator-size-gi-baking-worker=262144"
    "memorysetup-temp-allocator-size-gfx=262144"
Refreshing native plugins compatible for Editor in 129.22 ms, found 4 plugins.
Preloading 0 native plugins for Editor in 0.00 ms.
Initialize engine version: 2021.2.13f1 (90b6766da538)
[Subsystems] Discovering subsystems at path C:/Program Files/Unity/Hub/Editor/2021.2.13f1/Editor/Data/Resources/UnitySubsystems
[Subsystems] Discovering subsystems at path C:/Users/gholt/Desktop/Unity/deltablade/DeltaBlade/Assets
GfxDevice: creating device client; threaded=0; jobified=0
Direct3D:
    Version:  Direct3D 11.0 [level 11.1]
    Renderer: NVIDIA GeForce MX250 (ID=0x1d13)
    Vendor:   NVIDIA
    VRAM:     1983 MB
    Driver:   26.21.14.4137
Initialize mono
Mono path[0] = 'C:/Program Files/Unity/Hub/Editor/2021.2.13f1/Editor/Data/Managed'
Mono path[1] = 'C:/Program Files/Unity/Hub/Editor/2021.2.13f1/Editor/Data/MonoBleedingEdge/lib/mono/unityjit-win32'
Mono config path = 'C:/Program Files/Unity/Hub/Editor/2021.2.13f1/Editor/Data/MonoBleedingEdge/etc'
Using monoOptions --debugger-agent=transport=dt_socket,embedding=1,server=y,suspend=n,address=127.0.0.1:56044
Begin MonoManager ReloadAssembly
Registering precompiled unity dll's ...
Register platform support module: C:/Program Files/Unity/Hub/Editor/2021.2.13f1/Editor/Data/PlaybackEngines/WindowsStandaloneSupport/UnityEditor.WindowsStandalone.Extensions.dll
Registered in 0.009661 seconds.
Native extension for WindowsStandalone target not found
Refreshing native plugins compatible for Editor in 185.67 ms, found 4 plugins.
Preloading 0 native plugins for Editor in 0.00 ms.
Mono: successfully reloaded assembly
- Completed reload, in  1.009 seconds
Domain Reload Profiling:
	ReloadAssembly (1009ms)
		BeginReloadAssembly (102ms)
			ExecutionOrderSort (0ms)
			DisableScriptedObjects (0ms)
			BackupInstance (0ms)
			ReleaseScriptingObjects (0ms)
			CreateAndSetChildDomain (1ms)
		EndReloadAssembly (772ms)
			LoadAssemblies (99ms)
			RebuildTransferFunctionScriptingTraits (0ms)
			SetupTypeCache (113ms)
			ReleaseScriptCaches (0ms)
			RebuildScriptCaches (53ms)
			SetupLoadedEditorAssemblies (529ms)
				LogAssemblyErrors (0ms)
				InitializePlatformSupportModulesInManaged (15ms)
				SetLoadedEditorAssemblies (0ms)
				RefreshPlugins (186ms)
				BeforeProcessingInitializeOnLoad (2ms)
				ProcessInitializeOnLoadAttributes (258ms)
				ProcessInitializeOnLoadMethodAttributes (66ms)
				AfterProcessingInitializeOnLoad (0ms)
				EditorAssembliesLoaded (0ms)
			ExecutionOrderSort2 (0ms)
			AwakeInstancesAfterBackupRestoration (0ms)
Platform modules already initialized, skipping
Registering precompiled user dll's ...
Registered in 0.010510 seconds.
Begin MonoManager ReloadAssembly
Symbol file LoadedFromMemory doesn't match image C:\Users\gholt\Desktop\Unity\deltablade\DeltaBlade\Library\PackageCache\com.unity.visualscripting@1.7.6\Editor\VisualScripting.Core\Dependencies\YamlDotNet\Unity.VisualScripting.YamlDotNet.dll
Symbol file LoadedFromMemory doesn't match image C:\Users\gholt\Desktop\Unity\deltablade\DeltaBlade\Library\PackageCache\com.unity.visualscripting@1.7.6\Editor\VisualScripting.Core\Dependencies\DotNetZip\Unity.VisualScripting.IonicZip.dll
Native extension for WindowsStandalone target not found
Refreshing native plugins compatible for Editor in 111.07 ms, found 4 plugins.
Preloading 0 native plugins for Editor in 0.00 ms.
Mono: successfully reloaded assembly
- Completed reload, in  2.176 seconds
Domain Reload Profiling:
	ReloadAssembly (2177ms)
		BeginReloadAssembly (164ms)
			ExecutionOrderSort (0ms)
			DisableScriptedObjects (8ms)
			BackupInstance (0ms)
			ReleaseScriptingObjects (0ms)
			CreateAndSetChildDomain (32ms)
		EndReloadAssembly (1849ms)
			LoadAssemblies (117ms)
			RebuildTransferFunctionScriptingTraits (0ms)
			SetupTypeCache (282ms)
			ReleaseScriptCaches (1ms)
			RebuildScriptCaches (73ms)
			SetupLoadedEditorAssemblies (1336ms)
				LogAssemblyErrors (0ms)
				InitializePlatformSupportModulesInManaged (6ms)
				SetLoadedEditorAssemblies (0ms)
				RefreshPlugins (111ms)
				BeforeProcessingInitializeOnLoad (134ms)
				ProcessInitializeOnLoadAttributes (1008ms)
				ProcessInitializeOnLoadMethodAttributes (60ms)
				AfterProcessingInitializeOnLoad (17ms)
				EditorAssembliesLoaded (0ms)
			ExecutionOrderSort2 (0ms)
			AwakeInstancesAfterBackupRestoration (10ms)
Platform modules already initialized, skipping
========================================================================
Worker process is ready to serve import requests
Launched and connected shader compiler UnityShaderCompiler.exe after 0.11 seconds
Refreshing native plugins compatible for Editor in 1.13 ms, found 4 plugins.
Preloading 0 native plugins for Editor in 0.00 ms.
Unloading 4247 Unused Serialized files (Serialized files now loaded: 0)
Unloading 42 unused Assets / (199.9 KB). Loaded Objects now: 4701.
Memory consumption went from 160.1 MB to 159.9 MB.
Total: 5.041100 ms (FindLiveObjects: 0.507000 ms CreateObjectMapping: 0.367100 ms MarkObjects: 4.002400 ms  DeleteObjects: 0.163100 ms)

AssetImportParameters requested are different than current active one (requested -> active):
  custom:video-decoder-ogg-theora: a1e56fd34408186e4bbccfd4996cb3dc -> 
  custom:container-muxer-webm: aa71ff27fc2769a1b78a27578f13a17b -> 
  custom:container-demuxer-webm: 4f35f7cbe854078d1ac9338744f61a02 -> 
  custom:video-encoder-webm-vp8: eb34c28f22e8b96e1ab97ce403110664 -> 
  custom:audio-encoder-webm-vorbis: bf7c407c2cedff20999df2af8eb42d56 -> 
  custom:framework-win-MediaFoundation: 216162199b28c13a410421893ffa2e32 -> 
  custom:container-demuxer-ogg: 62fdf1f143b41e24485cea50d1cbac27 -> 
  custom:video-decoder-webm-vp8: 9c59270c3fd7afecdb556c50c9e8de78 -> 
  custom:audio-decoder-ogg-vorbis: bf7c407c2cedff20999df2af8eb42d56 -> 
========================================================================
Received Import Request.
  Time since last request: 1162525.775003 seconds.
  path: Assets/Prefabs/Sword.prefab
  artifactKey: Guid(72d179ea1b4461e41b64b17913ffc1eb) Importer(815301076,1909f56bfc062723c751e8b465ee728b)
Start importing Assets/Prefabs/Sword.prefab using Guid(72d179ea1b4461e41b64b17913ffc1eb) Importer(815301076,1909f56bfc062723c751e8b465ee728b)  -> (artifact id: '03ac6777081e2f6205ba6e22e5287404') in 0.163714 seconds 
========================================================================
Received Import Request.
  Time since last request: 1.143025 seconds.
  path: Assets/Prefabs/Sword.prefab
  artifactKey: Guid(72d179ea1b4461e41b64b17913ffc1eb) Importer(815301076,1909f56bfc062723c751e8b465ee728b)
Start importing Assets/Prefabs/Sword.prefab using Guid(72d179ea1b4461e41b64b17913ffc1eb) Importer(815301076,1909f56bfc062723c751e8b465ee728b)  -> (artifact id: 'a1797846f36ca26478f93a319e675659') in 0.015956 seconds 
========================================================================
Received Import Request.
  Time since last request: 1.009190 seconds.
  path: Assets/Prefabs/Sword.prefab
  artifactKey: Guid(72d179ea1b4461e41b64b17913ffc1eb) Importer(815301076,1909f56bfc062723c751e8b465ee728b)
Start importing Assets/Prefabs/Sword.prefab using Guid(72d179ea1b4461e41b64b17913ffc1eb) Importer(815301076,1909f56bfc062723c751e8b465ee728b)  -> (artifact id: 'fa08fe54fd44fc0e153106109c119cfc') in 0.020345 seconds 
========================================================================
Received Import Request.
  Time since last request: 0.968681 seconds.
  path: Assets/Prefabs/Sword.prefab
  artifactKey: Guid(72d179ea1b4461e41b64b17913ffc1eb) Importer(815301076,1909f56bfc062723c751e8b465ee728b)
Start importing Assets/Prefabs/Sword.prefab using Guid(72d179ea1b4461e41b64b17913ffc1eb) Importer(815301076,1909f56bfc062723c751e8b465ee728b)  -> (artifact id: '95795509df471afa497ca747a9629936') in 0.021185 seconds 
========================================================================
Received Import Request.
  Time since last request: 1.783261 seconds.
  path: Assets/Prefabs/Sword.prefab
  artifactKey: Guid(72d179ea1b4461e41b64b17913ffc1eb) Importer(815301076,1909f56bfc062723c751e8b465ee728b)
Start importing Assets/Prefabs/Sword.prefab using Guid(72d179ea1b4461e41b64b17913ffc1eb) Importer(815301076,1909f56bfc062723c751e8b465ee728b)  -> (artifact id: '0d32f60eef2fee38385ea3c8276efe0f') in 0.023643 seconds 
========================================================================
Received Import Request.
  Time since last request: 2.952521 seconds.
  path: Assets/Prefabs/Sword.prefab
  artifactKey: Guid(72d179ea1b4461e41b64b17913ffc1eb) Importer(815301076,1909f56bfc062723c751e8b465ee728b)
Start importing Assets/Prefabs/Sword.prefab using Guid(72d179ea1b4461e41b64b17913ffc1eb) Importer(815301076,1909f56bfc062723c751e8b465ee728b)  -> (artifact id: '7f7321405b22463ac090abface956b62') in 0.018779 seconds 
========================================================================
Received Import Request.
  Time since last request: 2.998311 seconds.
  path: Assets/Prefabs/Sword.prefab
  artifactKey: Guid(72d179ea1b4461e41b64b17913ffc1eb) Importer(815301076,1909f56bfc062723c751e8b465ee728b)
Start importing Assets/Prefabs/Sword.prefab using Guid(72d179ea1b4461e41b64b17913ffc1eb) Importer(815301076,1909f56bfc062723c751e8b465ee728b)  -> (artifact id: 'c263e479e5c1493a2498a4a7d507049a') in 0.018127 seconds 
========================================================================
Received Import Request.
  Time since last request: 2.618612 seconds.
  path: Assets/Prefabs/Sword.prefab
  artifactKey: Guid(72d179ea1b4461e41b64b17913ffc1eb) Importer(815301076,1909f56bfc062723c751e8b465ee728b)
Start importing Assets/Prefabs/Sword.prefab using Guid(72d179ea1b4461e41b64b17913ffc1eb) Importer(815301076,1909f56bfc062723c751e8b465ee728b)  -> (artifact id: 'fc774a2be9483f36554ed643065e88c0') in 0.016943 seconds 
========================================================================
Received Import Request.
  Time since last request: 10.848462 seconds.
  path: Assets/Prefabs/Sword.prefab
  artifactKey: Guid(72d179ea1b4461e41b64b17913ffc1eb) Importer(815301076,1909f56bfc062723c751e8b465ee728b)
Start importing Assets/Prefabs/Sword.prefab using Guid(72d179ea1b4461e41b64b17913ffc1eb) Importer(815301076,1909f56bfc062723c751e8b465ee728b)  -> (artifact id: 'f43e03c8c9bbdf8f634517a904423262') in 0.015120 seconds 
========================================================================
Received Import Request.
  Time since last request: 4.018965 seconds.
  path: Assets/Prefabs/Sword.prefab
  artifactKey: Guid(72d179ea1b4461e41b64b17913ffc1eb) Importer(815301076,1909f56bfc062723c751e8b465ee728b)
Start importing Assets/Prefabs/Sword.prefab using Guid(72d179ea1b4461e41b64b17913ffc1eb) Importer(815301076,1909f56bfc062723c751e8b465ee728b)  -> (artifact id: '531002d92714e548ed01e34d2bb5632f') in 0.013328 seconds 
========================================================================
Received Import Request.
  Time since last request: 31.298295 seconds.
  path: ProjectSettings/TagManager.asset
  artifactKey: Guid(00000000000000003000000000000000) Importer(815301076,1909f56bfc062723c751e8b465ee728b)
Start importing ProjectSettings/TagManager.asset using Guid(00000000000000003000000000000000) Importer(815301076,1909f56bfc062723c751e8b465ee728b)  -> (artifact id: '2e104cbde821a2942bd917b95738020e') in 0.011689 seconds 
========================================================================
Received Import Request.
  Time since last request: 18.981985 seconds.
  path: Assets/Prefabs/Sword.prefab
  artifactKey: Guid(72d179ea1b4461e41b64b17913ffc1eb) Importer(815301076,1909f56bfc062723c751e8b465ee728b)
Start importing Assets/Prefabs/Sword.prefab using Guid(72d179ea1b4461e41b64b17913ffc1eb) Importer(815301076,1909f56bfc062723c751e8b465ee728b)  -> (artifact id: '1c5462786fca980b57d704efac244ab7') in 0.014537 seconds 
========================================================================
Received Import Request.
  Time since last request: 12.432653 seconds.
  path: Assets/Prefabs/Sword.prefab
  artifactKey: Guid(72d179ea1b4461e41b64b17913ffc1eb) Importer(815301076,1909f56bfc062723c751e8b465ee728b)
Start importing Assets/Prefabs/Sword.prefab using Guid(72d179ea1b4461e41b64b17913ffc1eb) Importer(815301076,1909f56bfc062723c751e8b465ee728b)  -> (artifact id: 'a61d69b43c77256b1a6b25694884dc80') in 0.106951 seconds 
========================================================================
Received Import Request.
  Time since last request: 53.547749 seconds.
  path: Assets/Prefabs/Sword.prefab
  artifactKey: Guid(72d179ea1b4461e41b64b17913ffc1eb) Importer(815301076,1909f56bfc062723c751e8b465ee728b)
Start importing Assets/Prefabs/Sword.prefab using Guid(72d179ea1b4461e41b64b17913ffc1eb) Importer(815301076,1909f56bfc062723c751e8b465ee728b)  -> (artifact id: '9fc013b3c67ba05595e6daa3f135c715') in 0.017710 seconds 
========================================================================
Received Import Request.
  Time since last request: 40.435447 seconds.
  path: Assets/Asset Packs/Medieval_Warriors_Pack/Knight1/Knight1_Axe.prefab
  artifactKey: Guid(355b3d640473dd94f83c175e37943f09) Importer(815301076,1909f56bfc062723c751e8b465ee728b)
Start importing Assets/Asset Packs/Medieval_Warriors_Pack/Knight1/Knight1_Axe.prefab using Guid(355b3d640473dd94f83c175e37943f09) Importer(815301076,1909f56bfc062723c751e8b465ee728b)  -> (artifact id: '88361a909180cf13ecd1534a0112ad4b') in 0.059023 seconds 
========================================================================
Received Import Request.
  Time since last request: 0.000032 seconds.
  path: Assets/Asset Packs/Medieval_Warriors_Pack/Knight1/Knight1_Sword.prefab
  artifactKey: Guid(3fdccf0953361f043bc2cee9c5cd1558) Importer(815301076,1909f56bfc062723c751e8b465ee728b)
Start importing Assets/Asset Packs/Medieval_Warriors_Pack/Knight1/Knight1_Sword.prefab using Guid(3fdccf0953361f043bc2cee9c5cd1558) Importer(815301076,1909f56bfc062723c751e8b465ee728b)  -> (artifact id: '3f4ad7227d40996b201af188d0f1edc1') in 0.050787 seconds 
========================================================================
Received Import Request.
  Time since last request: 8.588705 seconds.
  path: Assets/Asset Packs/Medieval_Warriors_Pack/Knight1/Axe/Attack
  artifactKey: Guid(50e692287dd88de4ebe9d03ab7c21144) Importer(815301076,1909f56bfc062723c751e8b465ee728b)
Start importing Assets/Asset Packs/Medieval_Warriors_Pack/Knight1/Axe/Attack using Guid(50e692287dd88de4ebe9d03ab7c21144) Importer(815301076,1909f56bfc062723c751e8b465ee728b)  -> (artifact id: 'c51ec1acccdac3b42d8cfa70a3c20bae') in 0.017604 seconds 
========================================================================
Received Import Request.
  Time since last request: 0.026181 seconds.
  path: Assets/Asset Packs/Medieval_Warriors_Pack/Knight1/Axe/Attack/1.png
  artifactKey: Guid(3b368ae1a17a2b342994c00122662e6d) Importer(815301076,1909f56bfc062723c751e8b465ee728b)
Start importing Assets/Asset Packs/Medieval_Warriors_Pack/Knight1/Axe/Attack/1.png using Guid(3b368ae1a17a2b342994c00122662e6d) Importer(815301076,1909f56bfc062723c751e8b465ee728b)  -> (artifact id: 'b780c4b0e71abde4100c75a86434d11d') in 0.072648 seconds 
========================================================================
Received Import Request.
  Time since last request: 0.000030 seconds.
  path: Assets/Asset Packs/Medieval_Warriors_Pack/Knight1/Axe/Attack/3.png
  artifactKey: Guid(1340312fa173f8d4ebef81886d3e0005) Importer(815301076,1909f56bfc062723c751e8b465ee728b)
Start importing Assets/Asset Packs/Medieval_Warriors_Pack/Knight1/Axe/Attack/3.png using Guid(1340312fa173f8d4ebef81886d3e0005) Importer(815301076,1909f56bfc062723c751e8b465ee728b)  -> (artifact id: '1adcc263e46ab4b7e7b6ba9a3eb1549a') in 0.025644 seconds 
========================================================================
Received Import Request.
  Time since last request: 25.989399 seconds.
  path: Assets/Materials/Knight Sword.png
  artifactKey: Guid(acc4f2a67d64ccd4b843b2f8681a9612) Importer(815301076,1909f56bfc062723c751e8b465ee728b)
Start importing Assets/Materials/Knight Sword.png using Guid(acc4f2a67d64ccd4b843b2f8681a9612) Importer(815301076,1909f56bfc062723c751e8b465ee728b)  -> (artifact id: '95559de334dcd5b85dc1d1f690d705f4') in 0.017933 seconds 
========================================================================
Received Import Request.
  Time since last request: 4.216918 seconds.
  path: Assets/Prefabs/Sword.prefab
  artifactKey: Guid(72d179ea1b4461e41b64b17913ffc1eb) Importer(815301076,1909f56bfc062723c751e8b465ee728b)
Start importing Assets/Prefabs/Sword.prefab using Guid(72d179ea1b4461e41b64b17913ffc1eb) Importer(815301076,1909f56bfc062723c751e8b465ee728b)  -> (artifact id: '686ed2eaf563f3aaa05303de08e85af7') in 0.017381 seconds 
========================================================================
Received Import Request.
  Time since last request: 4134.555711 seconds.
  path: Assets/Asset Packs/Medieval_Warriors_Pack/Knight1/Disarmed/Idle/1.png
  artifactKey: Guid(815703b117de4ed45a9aeb31dda380d8) Importer(815301076,1909f56bfc062723c751e8b465ee728b)
Start importing Assets/Asset Packs/Medieval_Warriors_Pack/Knight1/Disarmed/Idle/1.png using Guid(815703b117de4ed45a9aeb31dda380d8) Importer(815301076,1909f56bfc062723c751e8b465ee728b)  -> (artifact id: '1f5c29bb51ed9fc9a3e9f61f58b68b49') in 0.035961 seconds 
========================================================================
Received Import Request.
  Time since last request: 0.000034 seconds.
  path: Assets/Asset Packs/Medieval_Warriors_Pack/Knight1/Disarmed/Idle/5.png
  artifactKey: Guid(176147fe86448d54588168d31cbf40ca) Importer(815301076,1909f56bfc062723c751e8b465ee728b)
Start importing Assets/Asset Packs/Medieval_Warriors_Pack/Knight1/Disarmed/Idle/5.png using Guid(176147fe86448d54588168d31cbf40ca) Importer(815301076,1909f56bfc062723c751e8b465ee728b)  -> (artifact id: 'c0d5d3b15a7604d89a9571dd6af64205') in 0.028141 seconds 
========================================================================
Received Import Request.
  Time since last request: 0.000039 seconds.
  path: Assets/Asset Packs/Medieval_Warriors_Pack/Knight1/Disarmed/Idle/3.png
  artifactKey: Guid(69b88c4c932bd0a4ea40c5e2b47f862b) Importer(815301076,1909f56bfc062723c751e8b465ee728b)
Start importing Assets/Asset Packs/Medieval_Warriors_Pack/Knight1/Disarmed/Idle/3.png using Guid(69b88c4c932bd0a4ea40c5e2b47f862b) Importer(815301076,1909f56bfc062723c751e8b465ee728b)  -> (artifact id: '124af50ceb6e6ed729f9ad69058ace40') in 0.025536 seconds 
========================================================================
Received Import Request.
  Time since last request: 15.227091 seconds.
  path: Assets/Asset Packs/Medieval_Warriors_Pack/Knight1/Disarmed/Idle/1.png
  artifactKey: Guid(815703b117de4ed45a9aeb31dda380d8) Importer(815301076,1909f56bfc062723c751e8b465ee728b)
Start importing Assets/Asset Packs/Medieval_Warriors_Pack/Knight1/Disarmed/Idle/1.png using Guid(815703b117de4ed45a9aeb31dda380d8) Importer(815301076,1909f56bfc062723c751e8b465ee728b)  -> (artifact id: '230042c6f812e67b37bfbb0fb50d040a') in 0.017537 seconds 
========================================================================
Received Import Request.
  Time since last request: 5.845078 seconds.
  path: Assets/Asset Packs/Medieval_Warriors_Pack/Knight1/Disarmed/Idle/1.png
  artifactKey: Guid(815703b117de4ed45a9aeb31dda380d8) Importer(815301076,1909f56bfc062723c751e8b465ee728b)
Start importing Assets/Asset Packs/Medieval_Warriors_Pack/Knight1/Disarmed/Idle/1.png using Guid(815703b117de4ed45a9aeb31dda380d8) Importer(815301076,1909f56bfc062723c751e8b465ee728b)  -> (artifact id: '440e6854fd0eaff03a957dd8dff654f3') in 0.017101 seconds 
========================================================================
Received Import Request.
  Time since last request: 5.921152 seconds.
  path: Assets/Asset Packs/Medieval_Warriors_Pack/Knight1/Disarmed/Idle/1.png
  artifactKey: Guid(815703b117de4ed45a9aeb31dda380d8) Importer(815301076,1909f56bfc062723c751e8b465ee728b)
Start importing Assets/Asset Packs/Medieval_Warriors_Pack/Knight1/Disarmed/Idle/1.png using Guid(815703b117de4ed45a9aeb31dda380d8) Importer(815301076,1909f56bfc062723c751e8b465ee728b)  -> (artifact id: 'c788cd3eaeab909b199b8225642673d2') in 0.014974 seconds 
========================================================================
Received Import Request.
  Time since last request: 20.425106 seconds.
  path: Assets/Prefabs/Knight Disarmed.prefab
  artifactKey: Guid(b0225924592de6240bec9703764af688) Importer(815301076,1909f56bfc062723c751e8b465ee728b)
Start importing Assets/Prefabs/Knight Disarmed.prefab using Guid(b0225924592de6240bec9703764af688) Importer(815301076,1909f56bfc062723c751e8b465ee728b)  -> (artifact id: '5c1e2c2281f9c831919892adefdcf7b7') in 0.045023 seconds 
========================================================================
Received Import Request.
  Time since last request: 32.611178 seconds.
  path: Assets/Materials/Knight Sword.png
  artifactKey: Guid(acc4f2a67d64ccd4b843b2f8681a9612) Importer(815301076,1909f56bfc062723c751e8b465ee728b)
Start importing Assets/Materials/Knight Sword.png using Guid(acc4f2a67d64ccd4b843b2f8681a9612) Importer(815301076,1909f56bfc062723c751e8b465ee728b)  -> (artifact id: '04026410e3de7db04331a44980a11fa6') in 0.021023 seconds 
========================================================================
Received Import Request.
  Time since last request: 182.920089 seconds.
  path: Assets/Prefabs/Axe.prefab
  artifactKey: Guid(6d577739128c1314ca9b2ad27629df0e) Importer(815301076,1909f56bfc062723c751e8b465ee728b)
Start importing Assets/Prefabs/Axe.prefab using Guid(6d577739128c1314ca9b2ad27629df0e) Importer(815301076,1909f56bfc062723c751e8b465ee728b)  -> (artifact id: '1bd0b687b8ef4323fe1460607a7fb2b6') in 0.022513 seconds 
========================================================================
Received Import Request.
  Time since last request: 4.003795 seconds.
  path: Assets/Prefabs/Axe.prefab
  artifactKey: Guid(6d577739128c1314ca9b2ad27629df0e) Importer(815301076,1909f56bfc062723c751e8b465ee728b)
Start importing Assets/Prefabs/Axe.prefab using Guid(6d577739128c1314ca9b2ad27629df0e) Importer(815301076,1909f56bfc062723c751e8b465ee728b)  -> (artifact id: '54809ac60c753fa7bf970b140a664860') in 0.014303 seconds 
========================================================================
Received Import Request.
  Time since last request: 4.438483 seconds.
  path: Assets/Prefabs/Axe.prefab
  artifactKey: Guid(6d577739128c1314ca9b2ad27629df0e) Importer(815301076,1909f56bfc062723c751e8b465ee728b)
Start importing Assets/Prefabs/Axe.prefab using Guid(6d577739128c1314ca9b2ad27629df0e) Importer(815301076,1909f56bfc062723c751e8b465ee728b)  -> (artifact id: 'f986adc30b870b47260c5e5033a80cf6') in 0.018253 seconds 
========================================================================
Received Import Request.
  Time since last request: 18.670203 seconds.
  path: Assets/Prefabs/Axe.prefab
  artifactKey: Guid(6d577739128c1314ca9b2ad27629df0e) Importer(815301076,1909f56bfc062723c751e8b465ee728b)
Start importing Assets/Prefabs/Axe.prefab using Guid(6d577739128c1314ca9b2ad27629df0e) Importer(815301076,1909f56bfc062723c751e8b465ee728b)  -> (artifact id: 'ed88208791d674a74561e9ba6a890df4') in 0.013365 seconds 
========================================================================
Received Import Request.
  Time since last request: 6.559257 seconds.
  path: Assets/Prefabs/Axe.prefab
  artifactKey: Guid(6d577739128c1314ca9b2ad27629df0e) Importer(815301076,1909f56bfc062723c751e8b465ee728b)
Start importing Assets/Prefabs/Axe.prefab using Guid(6d577739128c1314ca9b2ad27629df0e) Importer(815301076,1909f56bfc062723c751e8b465ee728b)  -> (artifact id: '526bd9b55993d40ff860684ff0040349') in 0.014329 seconds 
========================================================================
Received Import Request.
  Time since last request: 58.477132 seconds.
  path: Assets/Materials/Axe Image.png
  artifactKey: Guid(645cbe57eac10924fa7cebd956549f85) Importer(815301076,1909f56bfc062723c751e8b465ee728b)
Start importing Assets/Materials/Axe Image.png using Guid(645cbe57eac10924fa7cebd956549f85) Importer(815301076,1909f56bfc062723c751e8b465ee728b)  -> (artifact id: '20d7e470b8acc99a94849017573ef7a3') in 0.023032 seconds 
========================================================================
Received Import Request.
  Time since last request: 5.834542 seconds.
  path: Assets/Prefabs/Axe.prefab
  artifactKey: Guid(6d577739128c1314ca9b2ad27629df0e) Importer(815301076,1909f56bfc062723c751e8b465ee728b)
Start importing Assets/Prefabs/Axe.prefab using Guid(6d577739128c1314ca9b2ad27629df0e) Importer(815301076,1909f56bfc062723c751e8b465ee728b)  -> (artifact id: 'dfab8659cf606d6b81515b7abe58de98') in 0.027003 seconds 
========================================================================
Received Import Request.
  Time since last request: 26.263974 seconds.
  path: Assets/Prefabs/Axe.prefab
  artifactKey: Guid(6d577739128c1314ca9b2ad27629df0e) Importer(815301076,1909f56bfc062723c751e8b465ee728b)
Start importing Assets/Prefabs/Axe.prefab using Guid(6d577739128c1314ca9b2ad27629df0e) Importer(815301076,1909f56bfc062723c751e8b465ee728b)  -> (artifact id: 'b08936001edc7d0055cedbf09c53c95f') in 0.016942 seconds 
========================================================================
Received Import Request.
  Time since last request: 3.452276 seconds.
  path: Assets/Prefabs/Axe.prefab
  artifactKey: Guid(6d577739128c1314ca9b2ad27629df0e) Importer(815301076,1909f56bfc062723c751e8b465ee728b)
Start importing Assets/Prefabs/Axe.prefab using Guid(6d577739128c1314ca9b2ad27629df0e) Importer(815301076,1909f56bfc062723c751e8b465ee728b)  -> (artifact id: '45d2ab96a43a3ecfc9094561727a1cc2') in 0.019111 seconds 
========================================================================
Received Import Request.
  Time since last request: 8.588542 seconds.
  path: Assets/Prefabs/Sword.prefab
  artifactKey: Guid(72d179ea1b4461e41b64b17913ffc1eb) Importer(815301076,1909f56bfc062723c751e8b465ee728b)
Start importing Assets/Prefabs/Sword.prefab using Guid(72d179ea1b4461e41b64b17913ffc1eb) Importer(815301076,1909f56bfc062723c751e8b465ee728b)  -> (artifact id: '04d88649b9aed5be3afee01cc7c9f059') in 0.023846 seconds 
========================================================================
Received Import Request.
  Time since last request: 9.014492 seconds.
  path: Assets/Prefabs/Sword.prefab
  artifactKey: Guid(72d179ea1b4461e41b64b17913ffc1eb) Importer(815301076,1909f56bfc062723c751e8b465ee728b)
Start importing Assets/Prefabs/Sword.prefab using Guid(72d179ea1b4461e41b64b17913ffc1eb) Importer(815301076,1909f56bfc062723c751e8b465ee728b)  -> (artifact id: 'f1bfc396455569b85dd8dfdcf4aa25e8') in 0.018642 seconds 
========================================================================
Received Import Request.
  Time since last request: 1.772476 seconds.
  path: Assets/Prefabs/Sword.prefab
  artifactKey: Guid(72d179ea1b4461e41b64b17913ffc1eb) Importer(815301076,1909f56bfc062723c751e8b465ee728b)
Start importing Assets/Prefabs/Sword.prefab using Guid(72d179ea1b4461e41b64b17913ffc1eb) Importer(815301076,1909f56bfc062723c751e8b465ee728b)  -> (artifact id: '65ed9f87df04ebc30e12c21d03e51cec') in 0.012522 seconds 
========================================================================
Received Import Request.
  Time since last request: 1.996205 seconds.
  path: Assets/Prefabs/Sword.prefab
  artifactKey: Guid(72d179ea1b4461e41b64b17913ffc1eb) Importer(815301076,1909f56bfc062723c751e8b465ee728b)
Start importing Assets/Prefabs/Sword.prefab using Guid(72d179ea1b4461e41b64b17913ffc1eb) Importer(815301076,1909f56bfc062723c751e8b465ee728b)  -> (artifact id: 'af3e5b22290dc0e6fb145ef8b066ba8a') in 0.017973 seconds 
========================================================================
Received Import Request.
  Time since last request: 1.591486 seconds.
  path: Assets/Prefabs/Sword.prefab
  artifactKey: Guid(72d179ea1b4461e41b64b17913ffc1eb) Importer(815301076,1909f56bfc062723c751e8b465ee728b)
Start importing Assets/Prefabs/Sword.prefab using Guid(72d179ea1b4461e41b64b17913ffc1eb) Importer(815301076,1909f56bfc062723c751e8b465ee728b)  -> (artifact id: 'f9728af22136b63dadf06a2c04fb4a01') in 0.018620 seconds 
========================================================================
Received Import Request.
  Time since last request: 8.663321 seconds.
  path: Assets/Prefabs/Sword.prefab
  artifactKey: Guid(72d179ea1b4461e41b64b17913ffc1eb) Importer(815301076,1909f56bfc062723c751e8b465ee728b)
Start importing Assets/Prefabs/Sword.prefab using Guid(72d179ea1b4461e41b64b17913ffc1eb) Importer(815301076,1909f56bfc062723c751e8b465ee728b)  -> (artifact id: 'd9535a2a53fbf87adf08cf2c26847e7a') in 0.022856 seconds 
========================================================================
Received Import Request.
  Time since last request: 241.120033 seconds.
  path: Assets/Scripts/Player
  artifactKey: Guid(d6cf6c5d9feba414781189e1c436c7b6) Importer(815301076,1909f56bfc062723c751e8b465ee728b)
Start importing Assets/Scripts/Player using Guid(d6cf6c5d9feba414781189e1c436c7b6) Importer(815301076,1909f56bfc062723c751e8b465ee728b)  -> (artifact id: 'a6e7da6c3822fe52c62529d3a5fbace9') in 0.004303 seconds 
========================================================================
Received Prepare
Registering precompiled user dll's ...
Registered in 0.008966 seconds.
Begin MonoManager ReloadAssembly
Symbol file LoadedFromMemory doesn't match image C:\Users\gholt\Desktop\Unity\deltablade\DeltaBlade\Library\PackageCache\com.unity.visualscripting@1.7.6\Editor\VisualScripting.Core\Dependencies\YamlDotNet\Unity.VisualScripting.YamlDotNet.dll
Symbol file LoadedFromMemory doesn't match image C:\Users\gholt\Desktop\Unity\deltablade\DeltaBlade\Library\PackageCache\com.unity.visualscripting@1.7.6\Editor\VisualScripting.Core\Dependencies\DotNetZip\Unity.VisualScripting.IonicZip.dll
Native extension for WindowsStandalone target not found
Refreshing native plugins compatible for Editor in 2.15 ms, found 4 plugins.
Preloading 0 native plugins for Editor in 0.00 ms.
Mono: successfully reloaded assembly
- Completed reload, in  4.157 seconds
Domain Reload Profiling:
	ReloadAssembly (4159ms)
		BeginReloadAssembly (275ms)
			ExecutionOrderSort (0ms)
			DisableScriptedObjects (11ms)
			BackupInstance (0ms)
			ReleaseScriptingObjects (0ms)
			CreateAndSetChildDomain (85ms)
		EndReloadAssembly (3682ms)
			LoadAssemblies (174ms)
			RebuildTransferFunctionScriptingTraits (0ms)
			SetupTypeCache (1025ms)
			ReleaseScriptCaches (2ms)
			RebuildScriptCaches (217ms)
			SetupLoadedEditorAssemblies (2107ms)
				LogAssemblyErrors (0ms)
				InitializePlatformSupportModulesInManaged (40ms)
				SetLoadedEditorAssemblies (1ms)
				RefreshPlugins (2ms)
				BeforeProcessingInitializeOnLoad (222ms)
				ProcessInitializeOnLoadAttributes (1722ms)
				ProcessInitializeOnLoadMethodAttributes (93ms)
				AfterProcessingInitializeOnLoad (26ms)
				EditorAssembliesLoaded (0ms)
			ExecutionOrderSort2 (0ms)
			AwakeInstancesAfterBackupRestoration (21ms)
Platform modules already initialized, skipping
Refreshing native plugins compatible for Editor in 7.28 ms, found 4 plugins.
Preloading 0 native plugins for Editor in 0.00 ms.
Unloading 4241 Unused Serialized files (Serialized files now loaded: 0)
Unloading 29 unused Assets / (192.2 KB). Loaded Objects now: 4712.
Memory consumption went from 164.5 MB to 164.4 MB.
Total: 7.874800 ms (FindLiveObjects: 0.676800 ms CreateObjectMapping: 0.732000 ms MarkObjects: 6.265300 ms  DeleteObjects: 0.198700 ms)

AssetImportParameters requested are different than current active one (requested -> active):
  custom:video-decoder-ogg-theora: a1e56fd34408186e4bbccfd4996cb3dc -> 
  custom:container-muxer-webm: aa71ff27fc2769a1b78a27578f13a17b -> 
  custom:container-demuxer-webm: 4f35f7cbe854078d1ac9338744f61a02 -> 
  custom:video-encoder-webm-vp8: eb34c28f22e8b96e1ab97ce403110664 -> 
  custom:audio-encoder-webm-vorbis: bf7c407c2cedff20999df2af8eb42d56 -> 
  custom:framework-win-MediaFoundation: 216162199b28c13a410421893ffa2e32 -> 
  custom:container-demuxer-ogg: 62fdf1f143b41e24485cea50d1cbac27 -> 
  custom:video-decoder-webm-vp8: 9c59270c3fd7afecdb556c50c9e8de78 -> 
  custom:audio-decoder-ogg-vorbis: bf7c407c2cedff20999df2af8eb42d56 -> 
========================================================================
Received Import Request.
  Time since last request: 26.291960 seconds.
  path: Assets/Scripts/Player/CharacterSwitcher.cs
  artifactKey: Guid(406b351441aabb64f84cd8e48a89015a) Importer(815301076,1909f56bfc062723c751e8b465ee728b)
Start importing Assets/Scripts/Player/CharacterSwitcher.cs using Guid(406b351441aabb64f84cd8e48a89015a) Importer(815301076,1909f56bfc062723c751e8b465ee728b)  -> (artifact id: '634d790d96a03b7881ce0f81649059b0') in 0.033848 seconds 
========================================================================
Received Import Request.
  Time since last request: 88.075709 seconds.
  path: Assets/Scripts/Weapons
  artifactKey: Guid(423ec8fd6ce009d4683bcffceae238f3) Importer(815301076,1909f56bfc062723c751e8b465ee728b)
Start importing Assets/Scripts/Weapons using Guid(423ec8fd6ce009d4683bcffceae238f3) Importer(815301076,1909f56bfc062723c751e8b465ee728b)  -> (artifact id: '75ad587cc1041bc3e7ab9bb602e3754f') in 0.014815 seconds 
========================================================================
Received Import Request.
  Time since last request: 8.469817 seconds.
  path: Assets/Scripts/Weapons/Weapons.cs
  artifactKey: Guid(4c367614539473f469fd72805612f152) Importer(815301076,1909f56bfc062723c751e8b465ee728b)
Start importing Assets/Scripts/Weapons/Weapons.cs using Guid(4c367614539473f469fd72805612f152) Importer(815301076,1909f56bfc062723c751e8b465ee728b)  -> (artifact id: '73ad6bd23a75dd7f2bc379640ede629d') in 0.007658 seconds 
========================================================================
Received Prepare
Registering precompiled user dll's ...
Registered in 0.008237 seconds.
Begin MonoManager ReloadAssembly
Symbol file LoadedFromMemory doesn't match image C:\Users\gholt\Desktop\Unity\deltablade\DeltaBlade\Library\PackageCache\com.unity.visualscripting@1.7.6\Editor\VisualScripting.Core\Dependencies\YamlDotNet\Unity.VisualScripting.YamlDotNet.dll
Symbol file LoadedFromMemory doesn't match image C:\Users\gholt\Desktop\Unity\deltablade\DeltaBlade\Library\PackageCache\com.unity.visualscripting@1.7.6\Editor\VisualScripting.Core\Dependencies\DotNetZip\Unity.VisualScripting.IonicZip.dll
Native extension for WindowsStandalone target not found
Refreshing native plugins compatible for Editor in 1.15 ms, found 4 plugins.
Preloading 0 native plugins for Editor in 0.00 ms.
Mono: successfully reloaded assembly
- Completed reload, in  1.751 seconds
Domain Reload Profiling:
	ReloadAssembly (1752ms)
		BeginReloadAssembly (204ms)
			ExecutionOrderSort (0ms)
			DisableScriptedObjects (9ms)
			BackupInstance (0ms)
			ReleaseScriptingObjects (0ms)
			CreateAndSetChildDomain (50ms)
		EndReloadAssembly (1393ms)
			LoadAssemblies (154ms)
			RebuildTransferFunctionScriptingTraits (0ms)
			SetupTypeCache (377ms)
			ReleaseScriptCaches (2ms)
			RebuildScriptCaches (71ms)
			SetupLoadedEditorAssemblies (736ms)
				LogAssemblyErrors (0ms)
				InitializePlatformSupportModulesInManaged (19ms)
				SetLoadedEditorAssemblies (2ms)
				RefreshPlugins (1ms)
				BeforeProcessingInitializeOnLoad (107ms)
				ProcessInitializeOnLoadAttributes (541ms)
				ProcessInitializeOnLoadMethodAttributes (51ms)
				AfterProcessingInitializeOnLoad (14ms)
				EditorAssembliesLoaded (0ms)
			ExecutionOrderSort2 (0ms)
			AwakeInstancesAfterBackupRestoration (15ms)
Platform modules already initialized, skipping
Refreshing native plugins compatible for Editor in 4.29 ms, found 4 plugins.
Preloading 0 native plugins for Editor in 0.00 ms.
Unloading 4242 Unused Serialized files (Serialized files now loaded: 0)
Unloading 28 unused Assets / (192.5 KB). Loaded Objects now: 4715.
Memory consumption went from 164.6 MB to 164.4 MB.
Total: 6.372700 ms (FindLiveObjects: 0.528000 ms CreateObjectMapping: 0.554000 ms MarkObjects: 5.098600 ms  DeleteObjects: 0.190700 ms)

AssetImportParameters requested are different than current active one (requested -> active):
  custom:video-decoder-ogg-theora: a1e56fd34408186e4bbccfd4996cb3dc -> 
  custom:container-muxer-webm: aa71ff27fc2769a1b78a27578f13a17b -> 
  custom:container-demuxer-webm: 4f35f7cbe854078d1ac9338744f61a02 -> 
  custom:video-encoder-webm-vp8: eb34c28f22e8b96e1ab97ce403110664 -> 
  custom:audio-encoder-webm-vorbis: bf7c407c2cedff20999df2af8eb42d56 -> 
  custom:framework-win-MediaFoundation: 216162199b28c13a410421893ffa2e32 -> 
  custom:container-demuxer-ogg: 62fdf1f143b41e24485cea50d1cbac27 -> 
  custom:video-decoder-webm-vp8: 9c59270c3fd7afecdb556c50c9e8de78 -> 
  custom:audio-decoder-ogg-vorbis: bf7c407c2cedff20999df2af8eb42d56 -> 
========================================================================
Received Import Request.
  Time since last request: 217.173632 seconds.
  path: Assets/Scripts/Weapons/WeaponType.cs
  artifactKey: Guid(1d80e71fbc8300441be87b70cbee60b9) Importer(815301076,1909f56bfc062723c751e8b465ee728b)
Start importing Assets/Scripts/Weapons/WeaponType.cs using Guid(1d80e71fbc8300441be87b70cbee60b9) Importer(815301076,1909f56bfc062723c751e8b465ee728b)  -> (artifact id: '4265fb427c5424392e9fe049c3d269fd') in 0.019236 seconds 
========================================================================
Received Prepare
Registering precompiled user dll's ...
Registered in 0.009692 seconds.
Begin MonoManager ReloadAssembly
Symbol file LoadedFromMemory doesn't match image C:\Users\gholt\Desktop\Unity\deltablade\DeltaBlade\Library\PackageCache\com.unity.visualscripting@1.7.6\Editor\VisualScripting.Core\Dependencies\YamlDotNet\Unity.VisualScripting.YamlDotNet.dll
Symbol file LoadedFromMemory doesn't match image C:\Users\gholt\Desktop\Unity\deltablade\DeltaBlade\Library\PackageCache\com.unity.visualscripting@1.7.6\Editor\VisualScripting.Core\Dependencies\DotNetZip\Unity.VisualScripting.IonicZip.dll
Native extension for WindowsStandalone target not found
Refreshing native plugins compatible for Editor in 1.88 ms, found 4 plugins.
Preloading 0 native plugins for Editor in 0.00 ms.
Mono: successfully reloaded assembly
- Completed reload, in  1.976 seconds
Domain Reload Profiling:
	ReloadAssembly (1977ms)
		BeginReloadAssembly (177ms)
			ExecutionOrderSort (0ms)
			DisableScriptedObjects (10ms)
			BackupInstance (0ms)
			ReleaseScriptingObjects (0ms)
			CreateAndSetChildDomain (44ms)
		EndReloadAssembly (1631ms)
			LoadAssemblies (138ms)
			RebuildTransferFunctionScriptingTraits (0ms)
			SetupTypeCache (524ms)
			ReleaseScriptCaches (2ms)
			RebuildScriptCaches (95ms)
			SetupLoadedEditorAssemblies (771ms)
				LogAssemblyErrors (0ms)
				InitializePlatformSupportModulesInManaged (19ms)
				SetLoadedEditorAssemblies (1ms)
				RefreshPlugins (2ms)
				BeforeProcessingInitializeOnLoad (117ms)
				ProcessInitializeOnLoadAttributes (560ms)
				ProcessInitializeOnLoadMethodAttributes (56ms)
				AfterProcessingInitializeOnLoad (16ms)
				EditorAssembliesLoaded (0ms)
			ExecutionOrderSort2 (0ms)
			AwakeInstancesAfterBackupRestoration (15ms)
Platform modules already initialized, skipping
Refreshing native plugins compatible for Editor in 4.07 ms, found 4 plugins.
Preloading 0 native plugins for Editor in 0.00 ms.
Unloading 4243 Unused Serialized files (Serialized files now loaded: 0)
Unloading 28 unused Assets / (192.5 KB). Loaded Objects now: 4718.
Memory consumption went from 164.6 MB to 164.4 MB.
Total: 5.838400 ms (FindLiveObjects: 0.378100 ms CreateObjectMapping: 0.252400 ms MarkObjects: 5.002900 ms  DeleteObjects: 0.203700 ms)

AssetImportParameters requested are different than current active one (requested -> active):
  custom:video-decoder-ogg-theora: a1e56fd34408186e4bbccfd4996cb3dc -> 
  custom:container-muxer-webm: aa71ff27fc2769a1b78a27578f13a17b -> 
  custom:container-demuxer-webm: 4f35f7cbe854078d1ac9338744f61a02 -> 
  custom:video-encoder-webm-vp8: eb34c28f22e8b96e1ab97ce403110664 -> 
  custom:audio-encoder-webm-vorbis: bf7c407c2cedff20999df2af8eb42d56 -> 
  custom:framework-win-MediaFoundation: 216162199b28c13a410421893ffa2e32 -> 
  custom:container-demuxer-ogg: 62fdf1f143b41e24485cea50d1cbac27 -> 
  custom:video-decoder-webm-vp8: 9c59270c3fd7afecdb556c50c9e8de78 -> 
  custom:audio-decoder-ogg-vorbis: bf7c407c2cedff20999df2af8eb42d56 -> 
========================================================================
Received Import Request.
  Time since last request: 126.207025 seconds.
  path: Assets/Scripts/Player/CharacterWeaponSwitcher.cs
  artifactKey: Guid(406b351441aabb64f84cd8e48a89015a) Importer(815301076,1909f56bfc062723c751e8b465ee728b)
Start importing Assets/Scripts/Player/CharacterWeaponSwitcher.cs using Guid(406b351441aabb64f84cd8e48a89015a) Importer(815301076,1909f56bfc062723c751e8b465ee728b)  -> (artifact id: '67c065a1f750841a4512a3ab17fc8197') in 0.023123 seconds 
========================================================================
Received Prepare
Registering precompiled user dll's ...
Registered in 0.010355 seconds.
Begin MonoManager ReloadAssembly
Symbol file LoadedFromMemory doesn't match image C:\Users\gholt\Desktop\Unity\deltablade\DeltaBlade\Library\PackageCache\com.unity.visualscripting@1.7.6\Editor\VisualScripting.Core\Dependencies\YamlDotNet\Unity.VisualScripting.YamlDotNet.dll
Symbol file LoadedFromMemory doesn't match image C:\Users\gholt\Desktop\Unity\deltablade\DeltaBlade\Library\PackageCache\com.unity.visualscripting@1.7.6\Editor\VisualScripting.Core\Dependencies\DotNetZip\Unity.VisualScripting.IonicZip.dll
Native extension for WindowsStandalone target not found
Refreshing native plugins compatible for Editor in 2.27 ms, found 4 plugins.
Preloading 0 native plugins for Editor in 0.00 ms.
Mono: successfully reloaded assembly
- Completed reload, in  2.680 seconds
Domain Reload Profiling:
	ReloadAssembly (2681ms)
		BeginReloadAssembly (272ms)
			ExecutionOrderSort (0ms)
			DisableScriptedObjects (21ms)
			BackupInstance (0ms)
			ReleaseScriptingObjects (0ms)
			CreateAndSetChildDomain (89ms)
		EndReloadAssembly (2216ms)
			LoadAssemblies (152ms)
			RebuildTransferFunctionScriptingTraits (0ms)
			SetupTypeCache (527ms)
			ReleaseScriptCaches (2ms)
			RebuildScriptCaches (111ms)
			SetupLoadedEditorAssemblies (1267ms)
				LogAssemblyErrors (0ms)
				InitializePlatformSupportModulesInManaged (32ms)
				SetLoadedEditorAssemblies (1ms)
				RefreshPlugins (2ms)
				BeforeProcessingInitializeOnLoad (203ms)
				ProcessInitializeOnLoadAttributes (911ms)
				ProcessInitializeOnLoadMethodAttributes (89ms)
				AfterProcessingInitializeOnLoad (27ms)
				EditorAssembliesLoaded (1ms)
			ExecutionOrderSort2 (0ms)
			AwakeInstancesAfterBackupRestoration (22ms)
Platform modules already initialized, skipping
Refreshing native plugins compatible for Editor in 10.52 ms, found 4 plugins.
Preloading 0 native plugins for Editor in 0.00 ms.
Unloading 4243 Unused Serialized files (Serialized files now loaded: 0)
Unloading 28 unused Assets / (192.5 KB). Loaded Objects now: 4720.
Memory consumption went from 164.6 MB to 164.4 MB.
Total: 11.809100 ms (FindLiveObjects: 0.583300 ms CreateObjectMapping: 0.568300 ms MarkObjects: 10.362400 ms  DeleteObjects: 0.291400 ms)

AssetImportParameters requested are different than current active one (requested -> active):
  custom:video-decoder-ogg-theora: a1e56fd34408186e4bbccfd4996cb3dc -> 
  custom:container-muxer-webm: aa71ff27fc2769a1b78a27578f13a17b -> 
  custom:container-demuxer-webm: 4f35f7cbe854078d1ac9338744f61a02 -> 
  custom:video-encoder-webm-vp8: eb34c28f22e8b96e1ab97ce403110664 -> 
  custom:audio-encoder-webm-vorbis: bf7c407c2cedff20999df2af8eb42d56 -> 
  custom:framework-win-MediaFoundation: 216162199b28c13a410421893ffa2e32 -> 
  custom:container-demuxer-ogg: 62fdf1f143b41e24485cea50d1cbac27 -> 
  custom:video-decoder-webm-vp8: 9c59270c3fd7afecdb556c50c9e8de78 -> 
  custom:audio-decoder-ogg-vorbis: bf7c407c2cedff20999df2af8eb42d56 -> 
========================================================================
Received Prepare
Registering precompiled user dll's ...
Registered in 0.011219 seconds.
Begin MonoManager ReloadAssembly
Symbol file LoadedFromMemory doesn't match image C:\Users\gholt\Desktop\Unity\deltablade\DeltaBlade\Library\PackageCache\com.unity.visualscripting@1.7.6\Editor\VisualScripting.Core\Dependencies\YamlDotNet\Unity.VisualScripting.YamlDotNet.dll
Symbol file LoadedFromMemory doesn't match image C:\Users\gholt\Desktop\Unity\deltablade\DeltaBlade\Library\PackageCache\com.unity.visualscripting@1.7.6\Editor\VisualScripting.Core\Dependencies\DotNetZip\Unity.VisualScripting.IonicZip.dll
Native extension for WindowsStandalone target not found
Refreshing native plugins compatible for Editor in 2.07 ms, found 4 plugins.
Preloading 0 native plugins for Editor in 0.00 ms.
Mono: successfully reloaded assembly
- Completed reload, in  3.105 seconds
Domain Reload Profiling:
	ReloadAssembly (3106ms)
		BeginReloadAssembly (221ms)
			ExecutionOrderSort (0ms)
			DisableScriptedObjects (11ms)
			BackupInstance (0ms)
			ReleaseScriptingObjects (0ms)
			CreateAndSetChildDomain (57ms)
		EndReloadAssembly (2716ms)
			LoadAssemblies (151ms)
			RebuildTransferFunctionScriptingTraits (0ms)
			SetupTypeCache (521ms)
			ReleaseScriptCaches (4ms)
			RebuildScriptCaches (120ms)
			SetupLoadedEditorAssemblies (1775ms)
				LogAssemblyErrors (0ms)
				InitializePlatformSupportModulesInManaged (43ms)
				SetLoadedEditorAssemblies (1ms)
				RefreshPlugins (2ms)
				BeforeProcessingInitializeOnLoad (529ms)
				ProcessInitializeOnLoadAttributes (1110ms)
				ProcessInitializeOnLoadMethodAttributes (64ms)
				AfterProcessingInitializeOnLoad (24ms)
				EditorAssembliesLoaded (0ms)
			ExecutionOrderSort2 (0ms)
			AwakeInstancesAfterBackupRestoration (20ms)
Platform modules already initialized, skipping
Refreshing native plugins compatible for Editor in 7.15 ms, found 4 plugins.
Preloading 0 native plugins for Editor in 0.00 ms.
Unloading 4244 Unused Serialized files (Serialized files now loaded: 0)
Unloading 28 unused Assets / (192.5 KB). Loaded Objects now: 4723.
Memory consumption went from 164.6 MB to 164.4 MB.
Total: 8.335900 ms (FindLiveObjects: 0.538200 ms CreateObjectMapping: 0.546400 ms MarkObjects: 6.902900 ms  DeleteObjects: 0.346300 ms)

AssetImportParameters requested are different than current active one (requested -> active):
  custom:video-decoder-ogg-theora: a1e56fd34408186e4bbccfd4996cb3dc -> 
  custom:container-muxer-webm: aa71ff27fc2769a1b78a27578f13a17b -> 
  custom:container-demuxer-webm: 4f35f7cbe854078d1ac9338744f61a02 -> 
  custom:video-encoder-webm-vp8: eb34c28f22e8b96e1ab97ce403110664 -> 
  custom:audio-encoder-webm-vorbis: bf7c407c2cedff20999df2af8eb42d56 -> 
  custom:framework-win-MediaFoundation: 216162199b28c13a410421893ffa2e32 -> 
  custom:container-demuxer-ogg: 62fdf1f143b41e24485cea50d1cbac27 -> 
  custom:video-decoder-webm-vp8: 9c59270c3fd7afecdb556c50c9e8de78 -> 
  custom:audio-decoder-ogg-vorbis: bf7c407c2cedff20999df2af8eb42d56 -> 
========================================================================
Received Import Request.
  Time since last request: 24.317442 seconds.
  path: Assets/Scripts/Player/CharacterSwitcher.cs
  artifactKey: Guid(8e83da790c17b134da2d24582b1497e8) Importer(815301076,1909f56bfc062723c751e8b465ee728b)
Start importing Assets/Scripts/Player/CharacterSwitcher.cs using Guid(8e83da790c17b134da2d24582b1497e8) Importer(815301076,1909f56bfc062723c751e8b465ee728b)  -> (artifact id: 'f7c00f610b89ba725fbe0df16e5d779a') in 0.015154 seconds 
========================================================================
Received Prepare
Registering precompiled user dll's ...
Registered in 0.011512 seconds.
Begin MonoManager ReloadAssembly
Symbol file LoadedFromMemory doesn't match image C:\Users\gholt\Desktop\Unity\deltablade\DeltaBlade\Library\PackageCache\com.unity.visualscripting@1.7.6\Editor\VisualScripting.Core\Dependencies\YamlDotNet\Unity.VisualScripting.YamlDotNet.dll
Symbol file LoadedFromMemory doesn't match image C:\Users\gholt\Desktop\Unity\deltablade\DeltaBlade\Library\PackageCache\com.unity.visualscripting@1.7.6\Editor\VisualScripting.Core\Dependencies\DotNetZip\Unity.VisualScripting.IonicZip.dll
Native extension for WindowsStandalone target not found
Refreshing native plugins compatible for Editor in 2.24 ms, found 4 plugins.
Preloading 0 native plugins for Editor in 0.00 ms.
Mono: successfully reloaded assembly
- Completed reload, in  2.080 seconds
Domain Reload Profiling:
	ReloadAssembly (2081ms)
		BeginReloadAssembly (146ms)
			ExecutionOrderSort (0ms)
			DisableScriptedObjects (7ms)
			BackupInstance (0ms)
			ReleaseScriptingObjects (0ms)
			CreateAndSetChildDomain (40ms)
		EndReloadAssembly (1796ms)
			LoadAssemblies (110ms)
			RebuildTransferFunctionScriptingTraits (0ms)
			SetupTypeCache (397ms)
			ReleaseScriptCaches (3ms)
			RebuildScriptCaches (92ms)
			SetupLoadedEditorAssemblies (1054ms)
				LogAssemblyErrors (0ms)
				InitializePlatformSupportModulesInManaged (24ms)
				SetLoadedEditorAssemblies (1ms)
				RefreshPlugins (2ms)
				BeforeProcessingInitializeOnLoad (164ms)
				ProcessInitializeOnLoadAttributes (776ms)
				ProcessInitializeOnLoadMethodAttributes (66ms)
				AfterProcessingInitializeOnLoad (22ms)
				EditorAssembliesLoaded (0ms)
			ExecutionOrderSort2 (0ms)
			AwakeInstancesAfterBackupRestoration (19ms)
Platform modules already initialized, skipping
Refreshing native plugins compatible for Editor in 5.75 ms, found 4 plugins.
Preloading 0 native plugins for Editor in 0.00 ms.
Unloading 4243 Unused Serialized files (Serialized files now loaded: 0)
Unloading 29 unused Assets / (193.5 KB). Loaded Objects now: 4724.
Memory consumption went from 164.6 MB to 164.4 MB.
Total: 6.047400 ms (FindLiveObjects: 0.441500 ms CreateObjectMapping: 0.462600 ms MarkObjects: 4.869300 ms  DeleteObjects: 0.271900 ms)

AssetImportParameters requested are different than current active one (requested -> active):
  custom:video-decoder-ogg-theora: a1e56fd34408186e4bbccfd4996cb3dc -> 
  custom:container-muxer-webm: aa71ff27fc2769a1b78a27578f13a17b -> 
  custom:container-demuxer-webm: 4f35f7cbe854078d1ac9338744f61a02 -> 
  custom:video-encoder-webm-vp8: eb34c28f22e8b96e1ab97ce403110664 -> 
  custom:audio-encoder-webm-vorbis: bf7c407c2cedff20999df2af8eb42d56 -> 
  custom:framework-win-MediaFoundation: 216162199b28c13a410421893ffa2e32 -> 
  custom:container-demuxer-ogg: 62fdf1f143b41e24485cea50d1cbac27 -> 
  custom:video-decoder-webm-vp8: 9c59270c3fd7afecdb556c50c9e8de78 -> 
  custom:audio-decoder-ogg-vorbis: bf7c407c2cedff20999df2af8eb42d56 -> 
========================================================================
Received Import Request.
  Time since last request: 35.259882 seconds.
  path: Assets/Prefabs/Player.prefab
  artifactKey: Guid(abe1fe1e6c99749468d893233f5803ad) Importer(815301076,1909f56bfc062723c751e8b465ee728b)
Start importing Assets/Prefabs/Player.prefab using Guid(abe1fe1e6c99749468d893233f5803ad) Importer(815301076,1909f56bfc062723c751e8b465ee728b)  -> (artifact id: '18c0d517f0585bc730c91bb0ce8d0321') in 0.170301 seconds 
========================================================================
Received Import Request.
  Time since last request: 33.627296 seconds.
  path: Assets/Prefabs/Player.prefab
  artifactKey: Guid(abe1fe1e6c99749468d893233f5803ad) Importer(815301076,1909f56bfc062723c751e8b465ee728b)
Start importing Assets/Prefabs/Player.prefab using Guid(abe1fe1e6c99749468d893233f5803ad) Importer(815301076,1909f56bfc062723c751e8b465ee728b)  -> (artifact id: '30c33d5076bf624ffd6071568b106f16') in 0.066561 seconds 
========================================================================
Received Import Request.
  Time since last request: 39.334230 seconds.
  path: Assets/Scripts/Player/CharacterWeaponSwitcher.cs
  artifactKey: Guid(8e83da790c17b134da2d24582b1497e8) Importer(815301076,1909f56bfc062723c751e8b465ee728b)
Start importing Assets/Scripts/Player/CharacterWeaponSwitcher.cs using Guid(8e83da790c17b134da2d24582b1497e8) Importer(815301076,1909f56bfc062723c751e8b465ee728b)  -> (artifact id: 'f990c87c67fdbc1bd7ef137e1fdbda8e') in 0.003818 seconds 
========================================================================
Received Prepare
Registering precompiled user dll's ...
Registered in 0.016404 seconds.
Begin MonoManager ReloadAssembly
Symbol file LoadedFromMemory doesn't match image C:\Users\gholt\Desktop\Unity\deltablade\DeltaBlade\Library\PackageCache\com.unity.visualscripting@1.7.6\Editor\VisualScripting.Core\Dependencies\YamlDotNet\Unity.VisualScripting.YamlDotNet.dll
Symbol file LoadedFromMemory doesn't match image C:\Users\gholt\Desktop\Unity\deltablade\DeltaBlade\Library\PackageCache\com.unity.visualscripting@1.7.6\Editor\VisualScripting.Core\Dependencies\DotNetZip\Unity.VisualScripting.IonicZip.dll
Native extension for WindowsStandalone target not found
Refreshing native plugins compatible for Editor in 1.45 ms, found 4 plugins.
Preloading 0 native plugins for Editor in 0.00 ms.
Mono: successfully reloaded assembly
- Completed reload, in  1.702 seconds
Domain Reload Profiling:
	ReloadAssembly (1703ms)
		BeginReloadAssembly (209ms)
			ExecutionOrderSort (0ms)
			DisableScriptedObjects (6ms)
			BackupInstance (0ms)
			ReleaseScriptingObjects (0ms)
			CreateAndSetChildDomain (62ms)
		EndReloadAssembly (1337ms)
			LoadAssemblies (144ms)
			RebuildTransferFunctionScriptingTraits (0ms)
			SetupTypeCache (338ms)
			ReleaseScriptCaches (2ms)
			RebuildScriptCaches (69ms)
			SetupLoadedEditorAssemblies (700ms)
				LogAssemblyErrors (0ms)
				InitializePlatformSupportModulesInManaged (19ms)
				SetLoadedEditorAssemblies (1ms)
				RefreshPlugins (2ms)
				BeforeProcessingInitializeOnLoad (105ms)
				ProcessInitializeOnLoadAttributes (514ms)
				ProcessInitializeOnLoadMethodAttributes (44ms)
				AfterProcessingInitializeOnLoad (16ms)
				EditorAssembliesLoaded (0ms)
			ExecutionOrderSort2 (0ms)
			AwakeInstancesAfterBackupRestoration (13ms)
Platform modules already initialized, skipping
Refreshing native plugins compatible for Editor in 5.64 ms, found 4 plugins.
Preloading 0 native plugins for Editor in 0.00 ms.
Unloading 4243 Unused Serialized files (Serialized files now loaded: 0)
Unloading 28 unused Assets / (192.4 KB). Loaded Objects now: 4726.
Memory consumption went from 164.6 MB to 164.4 MB.
Total: 3.781600 ms (FindLiveObjects: 0.339200 ms CreateObjectMapping: 0.261000 ms MarkObjects: 3.025900 ms  DeleteObjects: 0.154300 ms)

AssetImportParameters requested are different than current active one (requested -> active):
  custom:video-decoder-ogg-theora: a1e56fd34408186e4bbccfd4996cb3dc -> 
  custom:container-muxer-webm: aa71ff27fc2769a1b78a27578f13a17b -> 
  custom:container-demuxer-webm: 4f35f7cbe854078d1ac9338744f61a02 -> 
  custom:video-encoder-webm-vp8: eb34c28f22e8b96e1ab97ce403110664 -> 
  custom:audio-encoder-webm-vorbis: bf7c407c2cedff20999df2af8eb42d56 -> 
  custom:framework-win-MediaFoundation: 216162199b28c13a410421893ffa2e32 -> 
  custom:container-demuxer-ogg: 62fdf1f143b41e24485cea50d1cbac27 -> 
  custom:video-decoder-webm-vp8: 9c59270c3fd7afecdb556c50c9e8de78 -> 
  custom:audio-decoder-ogg-vorbis: bf7c407c2cedff20999df2af8eb42d56 -> 
========================================================================
Received Prepare
Registering precompiled user dll's ...
Registered in 0.009424 seconds.
Begin MonoManager ReloadAssembly
Symbol file LoadedFromMemory doesn't match image C:\Users\gholt\Desktop\Unity\deltablade\DeltaBlade\Library\PackageCache\com.unity.visualscripting@1.7.6\Editor\VisualScripting.Core\Dependencies\YamlDotNet\Unity.VisualScripting.YamlDotNet.dll
Symbol file LoadedFromMemory doesn't match image C:\Users\gholt\Desktop\Unity\deltablade\DeltaBlade\Library\PackageCache\com.unity.visualscripting@1.7.6\Editor\VisualScripting.Core\Dependencies\DotNetZip\Unity.VisualScripting.IonicZip.dll
Native extension for WindowsStandalone target not found
Refreshing native plugins compatible for Editor in 1.62 ms, found 4 plugins.
Preloading 0 native plugins for Editor in 0.00 ms.
Mono: successfully reloaded assembly
- Completed reload, in  2.011 seconds
Domain Reload Profiling:
	ReloadAssembly (2012ms)
		BeginReloadAssembly (149ms)
			ExecutionOrderSort (0ms)
			DisableScriptedObjects (8ms)
			BackupInstance (0ms)
			ReleaseScriptingObjects (0ms)
			CreateAndSetChildDomain (43ms)
		EndReloadAssembly (1695ms)
			LoadAssemblies (121ms)
			RebuildTransferFunctionScriptingTraits (0ms)
			SetupTypeCache (534ms)
			ReleaseScriptCaches (3ms)
			RebuildScriptCaches (75ms)
			SetupLoadedEditorAssemblies (834ms)
				LogAssemblyErrors (0ms)
				InitializePlatformSupportModulesInManaged (21ms)
				SetLoadedEditorAssemblies (1ms)
				RefreshPlugins (2ms)
				BeforeProcessingInitializeOnLoad (116ms)
				ProcessInitializeOnLoadAttributes (613ms)
				ProcessInitializeOnLoadMethodAttributes (64ms)
				AfterProcessingInitializeOnLoad (16ms)
				EditorAssembliesLoaded (0ms)
			ExecutionOrderSort2 (0ms)
			AwakeInstancesAfterBackupRestoration (15ms)
Platform modules already initialized, skipping
Refreshing native plugins compatible for Editor in 7.39 ms, found 4 plugins.
Preloading 0 native plugins for Editor in 0.00 ms.
Unloading 4243 Unused Serialized files (Serialized files now loaded: 0)
Unloading 28 unused Assets / (192.4 KB). Loaded Objects now: 4728.
Memory consumption went from 164.6 MB to 164.4 MB.
Total: 8.743600 ms (FindLiveObjects: 0.716200 ms CreateObjectMapping: 1.099900 ms MarkObjects: 6.607500 ms  DeleteObjects: 0.318200 ms)

AssetImportParameters requested are different than current active one (requested -> active):
  custom:video-decoder-ogg-theora: a1e56fd34408186e4bbccfd4996cb3dc -> 
  custom:container-muxer-webm: aa71ff27fc2769a1b78a27578f13a17b -> 
  custom:container-demuxer-webm: 4f35f7cbe854078d1ac9338744f61a02 -> 
  custom:video-encoder-webm-vp8: eb34c28f22e8b96e1ab97ce403110664 -> 
  custom:audio-encoder-webm-vorbis: bf7c407c2cedff20999df2af8eb42d56 -> 
  custom:framework-win-MediaFoundation: 216162199b28c13a410421893ffa2e32 -> 
  custom:container-demuxer-ogg: 62fdf1f143b41e24485cea50d1cbac27 -> 
  custom:video-decoder-webm-vp8: 9c59270c3fd7afecdb556c50c9e8de78 -> 
  custom:audio-decoder-ogg-vorbis: bf7c407c2cedff20999df2af8eb42d56 -> 
========================================================================
Received Import Request.
  Time since last request: 85.699221 seconds.
  path: Assets/Prefabs/Player.prefab
  artifactKey: Guid(abe1fe1e6c99749468d893233f5803ad) Importer(815301076,1909f56bfc062723c751e8b465ee728b)
Start importing Assets/Prefabs/Player.prefab using Guid(abe1fe1e6c99749468d893233f5803ad) Importer(815301076,1909f56bfc062723c751e8b465ee728b)  -> (artifact id: 'd1782374fc2e44339c01f28838dfe0ec') in 0.098267 seconds 
========================================================================
Received Import Request.
  Time since last request: 35.541146 seconds.
  path: Assets/Asset Packs/Medieval_Warriors_Pack/Knight1/Controllers/Knight1_Axe.controller
  artifactKey: Guid(17f90688e347151459709068a8a34adf) Importer(815301076,1909f56bfc062723c751e8b465ee728b)
Start importing Assets/Asset Packs/Medieval_Warriors_Pack/Knight1/Controllers/Knight1_Axe.controller using Guid(17f90688e347151459709068a8a34adf) Importer(815301076,1909f56bfc062723c751e8b465ee728b)  -> (artifact id: '0b9c1116a81495e96b0847fc00214f5c') in 0.024195 seconds 
========================================================================
Received Import Request.
  Time since last request: 6.956062 seconds.
  path: Assets/Asset Packs/Medieval_Warriors_Pack/Knight1/Axe/Animations/Stop.anim
  artifactKey: Guid(3868edfb8b63bad4ab39246c1e5c8629) Importer(815301076,1909f56bfc062723c751e8b465ee728b)
Start importing Assets/Asset Packs/Medieval_Warriors_Pack/Knight1/Axe/Animations/Stop.anim using Guid(3868edfb8b63bad4ab39246c1e5c8629) Importer(815301076,1909f56bfc062723c751e8b465ee728b)  -> (artifact id: '2fd36a34047c51eaae91d5935c5b84b3') in 0.010538 seconds 
========================================================================
Received Prepare
Registering precompiled user dll's ...
Registered in 0.017631 seconds.
Begin MonoManager ReloadAssembly
Symbol file LoadedFromMemory doesn't match image C:\Users\gholt\Desktop\Unity\deltablade\DeltaBlade\Library\PackageCache\com.unity.visualscripting@1.7.6\Editor\VisualScripting.Core\Dependencies\YamlDotNet\Unity.VisualScripting.YamlDotNet.dll
Symbol file LoadedFromMemory doesn't match image C:\Users\gholt\Desktop\Unity\deltablade\DeltaBlade\Library\PackageCache\com.unity.visualscripting@1.7.6\Editor\VisualScripting.Core\Dependencies\DotNetZip\Unity.VisualScripting.IonicZip.dll
Native extension for WindowsStandalone target not found
Refreshing native plugins compatible for Editor in 1.09 ms, found 4 plugins.
Preloading 0 native plugins for Editor in 0.00 ms.
Mono: successfully reloaded assembly
- Completed reload, in  1.692 seconds
Domain Reload Profiling:
	ReloadAssembly (1693ms)
		BeginReloadAssembly (155ms)
			ExecutionOrderSort (0ms)
			DisableScriptedObjects (7ms)
			BackupInstance (0ms)
			ReleaseScriptingObjects (0ms)
			CreateAndSetChildDomain (41ms)
		EndReloadAssembly (1407ms)
			LoadAssemblies (116ms)
			RebuildTransferFunctionScriptingTraits (0ms)
			SetupTypeCache (404ms)
			ReleaseScriptCaches (3ms)
			RebuildScriptCaches (66ms)
			SetupLoadedEditorAssemblies (734ms)
				LogAssemblyErrors (0ms)
				InitializePlatformSupportModulesInManaged (18ms)
				SetLoadedEditorAssemblies (1ms)
				RefreshPlugins (1ms)
				BeforeProcessingInitializeOnLoad (112ms)
				ProcessInitializeOnLoadAttributes (541ms)
				ProcessInitializeOnLoadMethodAttributes (47ms)
				AfterProcessingInitializeOnLoad (15ms)
				EditorAssembliesLoaded (0ms)
			ExecutionOrderSort2 (0ms)
			AwakeInstancesAfterBackupRestoration (13ms)
Platform modules already initialized, skipping
Refreshing native plugins compatible for Editor in 4.44 ms, found 4 plugins.
Preloading 0 native plugins for Editor in 0.00 ms.
Unloading 4243 Unused Serialized files (Serialized files now loaded: 0)
Unloading 28 unused Assets / (192.5 KB). Loaded Objects now: 4730.
Memory consumption went from 164.6 MB to 164.4 MB.
Total: 6.132200 ms (FindLiveObjects: 0.376400 ms CreateObjectMapping: 0.314600 ms MarkObjects: 5.241000 ms  DeleteObjects: 0.198500 ms)

AssetImportParameters requested are different than current active one (requested -> active):
  custom:video-decoder-ogg-theora: a1e56fd34408186e4bbccfd4996cb3dc -> 
  custom:container-muxer-webm: aa71ff27fc2769a1b78a27578f13a17b -> 
  custom:container-demuxer-webm: 4f35f7cbe854078d1ac9338744f61a02 -> 
  custom:video-encoder-webm-vp8: eb34c28f22e8b96e1ab97ce403110664 -> 
  custom:audio-encoder-webm-vorbis: bf7c407c2cedff20999df2af8eb42d56 -> 
  custom:framework-win-MediaFoundation: 216162199b28c13a410421893ffa2e32 -> 
  custom:container-demuxer-ogg: 62fdf1f143b41e24485cea50d1cbac27 -> 
  custom:video-decoder-webm-vp8: 9c59270c3fd7afecdb556c50c9e8de78 -> 
  custom:audio-decoder-ogg-vorbis: bf7c407c2cedff20999df2af8eb42d56 -> 
========================================================================
Received Prepare
Registering precompiled user dll's ...
Registered in 0.008339 seconds.
Begin MonoManager ReloadAssembly
Symbol file LoadedFromMemory doesn't match image C:\Users\gholt\Desktop\Unity\deltablade\DeltaBlade\Library\PackageCache\com.unity.visualscripting@1.7.6\Editor\VisualScripting.Core\Dependencies\YamlDotNet\Unity.VisualScripting.YamlDotNet.dll
Symbol file LoadedFromMemory doesn't match image C:\Users\gholt\Desktop\Unity\deltablade\DeltaBlade\Library\PackageCache\com.unity.visualscripting@1.7.6\Editor\VisualScripting.Core\Dependencies\DotNetZip\Unity.VisualScripting.IonicZip.dll
Native extension for WindowsStandalone target not found
Refreshing native plugins compatible for Editor in 1.64 ms, found 4 plugins.
Preloading 0 native plugins for Editor in 0.00 ms.
Mono: successfully reloaded assembly
- Completed reload, in  1.829 seconds
Domain Reload Profiling:
	ReloadAssembly (1830ms)
		BeginReloadAssembly (150ms)
			ExecutionOrderSort (0ms)
			DisableScriptedObjects (8ms)
			BackupInstance (0ms)
			ReleaseScriptingObjects (0ms)
			CreateAndSetChildDomain (40ms)
		EndReloadAssembly (1562ms)
			LoadAssemblies (114ms)
			RebuildTransferFunctionScriptingTraits (0ms)
			SetupTypeCache (421ms)
			ReleaseScriptCaches (2ms)
			RebuildScriptCaches (75ms)
			SetupLoadedEditorAssemblies (833ms)
				LogAssemblyErrors (0ms)
				InitializePlatformSupportModulesInManaged (22ms)
				SetLoadedEditorAssemblies (1ms)
				RefreshPlugins (2ms)
				BeforeProcessingInitializeOnLoad (123ms)
				ProcessInitializeOnLoadAttributes (621ms)
				ProcessInitializeOnLoadMethodAttributes (48ms)
				AfterProcessingInitializeOnLoad (16ms)
				EditorAssembliesLoaded (0ms)
			ExecutionOrderSort2 (0ms)
			AwakeInstancesAfterBackupRestoration (15ms)
Platform modules already initialized, skipping
Refreshing native plugins compatible for Editor in 4.26 ms, found 4 plugins.
Preloading 0 native plugins for Editor in 0.00 ms.
Unloading 4243 Unused Serialized files (Serialized files now loaded: 0)
Unloading 28 unused Assets / (192.4 KB). Loaded Objects now: 4732.
Memory consumption went from 164.6 MB to 164.4 MB.
Total: 6.714900 ms (FindLiveObjects: 0.787700 ms CreateObjectMapping: 0.439400 ms MarkObjects: 5.166700 ms  DeleteObjects: 0.317900 ms)

AssetImportParameters requested are different than current active one (requested -> active):
  custom:video-decoder-ogg-theora: a1e56fd34408186e4bbccfd4996cb3dc -> 
  custom:container-muxer-webm: aa71ff27fc2769a1b78a27578f13a17b -> 
  custom:container-demuxer-webm: 4f35f7cbe854078d1ac9338744f61a02 -> 
  custom:video-encoder-webm-vp8: eb34c28f22e8b96e1ab97ce403110664 -> 
  custom:audio-encoder-webm-vorbis: bf7c407c2cedff20999df2af8eb42d56 -> 
  custom:framework-win-MediaFoundation: 216162199b28c13a410421893ffa2e32 -> 
  custom:container-demuxer-ogg: 62fdf1f143b41e24485cea50d1cbac27 -> 
  custom:video-decoder-webm-vp8: 9c59270c3fd7afecdb556c50c9e8de78 -> 
  custom:audio-decoder-ogg-vorbis: bf7c407c2cedff20999df2af8eb42d56 -> 
========================================================================
Received Prepare
Registering precompiled user dll's ...
Registered in 0.012067 seconds.
Begin MonoManager ReloadAssembly
Symbol file LoadedFromMemory doesn't match image C:\Users\gholt\Desktop\Unity\deltablade\DeltaBlade\Library\PackageCache\com.unity.visualscripting@1.7.6\Editor\VisualScripting.Core\Dependencies\YamlDotNet\Unity.VisualScripting.YamlDotNet.dll
Symbol file LoadedFromMemory doesn't match image C:\Users\gholt\Desktop\Unity\deltablade\DeltaBlade\Library\PackageCache\com.unity.visualscripting@1.7.6\Editor\VisualScripting.Core\Dependencies\DotNetZip\Unity.VisualScripting.IonicZip.dll
Native extension for WindowsStandalone target not found
Refreshing native plugins compatible for Editor in 1.88 ms, found 4 plugins.
Preloading 0 native plugins for Editor in 0.00 ms.
Mono: successfully reloaded assembly
- Completed reload, in  2.577 seconds
Domain Reload Profiling:
	ReloadAssembly (2579ms)
		BeginReloadAssembly (208ms)
			ExecutionOrderSort (0ms)
			DisableScriptedObjects (10ms)
			BackupInstance (0ms)
			ReleaseScriptingObjects (0ms)
			CreateAndSetChildDomain (57ms)
		EndReloadAssembly (2207ms)
			LoadAssemblies (143ms)
			RebuildTransferFunctionScriptingTraits (0ms)
			SetupTypeCache (589ms)
			ReleaseScriptCaches (3ms)
			RebuildScriptCaches (105ms)
			SetupLoadedEditorAssemblies (1210ms)
				LogAssemblyErrors (0ms)
				InitializePlatformSupportModulesInManaged (32ms)
				SetLoadedEditorAssemblies (3ms)
				RefreshPlugins (2ms)
				BeforeProcessingInitializeOnLoad (193ms)
				ProcessInitializeOnLoadAttributes (885ms)
				ProcessInitializeOnLoadMethodAttributes (73ms)
				AfterProcessingInitializeOnLoad (22ms)
				EditorAssembliesLoaded (0ms)
			ExecutionOrderSort2 (0ms)
			AwakeInstancesAfterBackupRestoration (21ms)
Platform modules already initialized, skipping
Refreshing native plugins compatible for Editor in 7.65 ms, found 4 plugins.
Preloading 0 native plugins for Editor in 0.00 ms.
Unloading 4243 Unused Serialized files (Serialized files now loaded: 0)
Unloading 28 unused Assets / (192.5 KB). Loaded Objects now: 4734.
Memory consumption went from 164.6 MB to 164.5 MB.
Total: 5.977800 ms (FindLiveObjects: 0.436000 ms CreateObjectMapping: 0.391600 ms MarkObjects: 4.918700 ms  DeleteObjects: 0.229300 ms)

AssetImportParameters requested are different than current active one (requested -> active):
  custom:video-decoder-ogg-theora: a1e56fd34408186e4bbccfd4996cb3dc -> 
  custom:container-muxer-webm: aa71ff27fc2769a1b78a27578f13a17b -> 
  custom:container-demuxer-webm: 4f35f7cbe854078d1ac9338744f61a02 -> 
  custom:video-encoder-webm-vp8: eb34c28f22e8b96e1ab97ce403110664 -> 
  custom:audio-encoder-webm-vorbis: bf7c407c2cedff20999df2af8eb42d56 -> 
  custom:framework-win-MediaFoundation: 216162199b28c13a410421893ffa2e32 -> 
  custom:container-demuxer-ogg: 62fdf1f143b41e24485cea50d1cbac27 -> 
  custom:video-decoder-webm-vp8: 9c59270c3fd7afecdb556c50c9e8de78 -> 
  custom:audio-decoder-ogg-vorbis: bf7c407c2cedff20999df2af8eb42d56 -> 
========================================================================
Received Import Request.
  Time since last request: 725.366551 seconds.
  path: Assets/Prefabs/Sword.prefab
  artifactKey: Guid(72d179ea1b4461e41b64b17913ffc1eb) Importer(815301076,1909f56bfc062723c751e8b465ee728b)
Start importing Assets/Prefabs/Sword.prefab using Guid(72d179ea1b4461e41b64b17913ffc1eb) Importer(815301076,1909f56bfc062723c751e8b465ee728b)  -> (artifact id: '7c7fc004377e3ce4c44b67c2ad3f0438') in 0.084288 seconds 
========================================================================
Received Import Request.
  Time since last request: 16.783193 seconds.
  path: Assets/Prefabs/Axe.prefab
  artifactKey: Guid(6d577739128c1314ca9b2ad27629df0e) Importer(815301076,1909f56bfc062723c751e8b465ee728b)
Start importing Assets/Prefabs/Axe.prefab using Guid(6d577739128c1314ca9b2ad27629df0e) Importer(815301076,1909f56bfc062723c751e8b465ee728b)  -> (artifact id: '2c8ce8726a6f65c0d4e739899a0c5721') in 0.017154 seconds 
========================================================================
Received Import Request.
  Time since last request: 4.578055 seconds.
  path: Assets/Prefabs/Axe.prefab
  artifactKey: Guid(6d577739128c1314ca9b2ad27629df0e) Importer(815301076,1909f56bfc062723c751e8b465ee728b)
Start importing Assets/Prefabs/Axe.prefab using Guid(6d577739128c1314ca9b2ad27629df0e) Importer(815301076,1909f56bfc062723c751e8b465ee728b)  -> (artifact id: '74904b8b2fc5f86c3ee100a5d79d91e4') in 0.013486 seconds 
========================================================================
Received Import Request.
  Time since last request: 4.844280 seconds.
  path: Assets/Prefabs/Axe.prefab
  artifactKey: Guid(6d577739128c1314ca9b2ad27629df0e) Importer(815301076,1909f56bfc062723c751e8b465ee728b)
Start importing Assets/Prefabs/Axe.prefab using Guid(6d577739128c1314ca9b2ad27629df0e) Importer(815301076,1909f56bfc062723c751e8b465ee728b)  -> (artifact id: 'fc5f8da3a3af5ae4b580198a817d2395') in 0.028597 seconds 
========================================================================
Received Import Request.
  Time since last request: 92.053986 seconds.
  path: Assets/Materials/Axe Image.png
  artifactKey: Guid(645cbe57eac10924fa7cebd956549f85) Importer(815301076,1909f56bfc062723c751e8b465ee728b)
Start importing Assets/Materials/Axe Image.png using Guid(645cbe57eac10924fa7cebd956549f85) Importer(815301076,1909f56bfc062723c751e8b465ee728b)  -> (artifact id: '151f4d66fc29754af140f08b90a93c29') in 0.105787 seconds 
========================================================================
Received Import Request.
  Time since last request: 7.832922 seconds.
  path: Assets/Materials/Materials
  artifactKey: Guid(aa7bc5cbd7f3e1948919a79af55500a7) Importer(815301076,1909f56bfc062723c751e8b465ee728b)
Start importing Assets/Materials/Materials using Guid(aa7bc5cbd7f3e1948919a79af55500a7) Importer(815301076,1909f56bfc062723c751e8b465ee728b)  -> (artifact id: '28afa9171d88dcf822403069ad3d4bc2') in 0.015798 seconds 
========================================================================
Received Import Request.
  Time since last request: 0.036611 seconds.
  path: Assets/Materials/Materials/Axe Image.mat
  artifactKey: Guid(f719d0f2bd1d50e40912b1c76bea5d52) Importer(815301076,1909f56bfc062723c751e8b465ee728b)
Start importing Assets/Materials/Materials/Axe Image.mat using Guid(f719d0f2bd1d50e40912b1c76bea5d52) Importer(815301076,1909f56bfc062723c751e8b465ee728b)  -> (artifact id: '874431bc0b2a23a5c635a3c727184098') in 0.148553 seconds 
========================================================================
Received Import Request.
  Time since last request: 18.842340 seconds.
  path: Assets/Prefabs/Axe.prefab
  artifactKey: Guid(6d577739128c1314ca9b2ad27629df0e) Importer(815301076,1909f56bfc062723c751e8b465ee728b)
Start importing Assets/Prefabs/Axe.prefab using Guid(6d577739128c1314ca9b2ad27629df0e) Importer(815301076,1909f56bfc062723c751e8b465ee728b)  -> (artifact id: 'a7cb315af9cdb67509271a3eb4ba211d') in 0.029964 seconds 
========================================================================
Received Import Request.
  Time since last request: 22.735568 seconds.
  path: Assets/Prefabs/Axe.prefab
  artifactKey: Guid(6d577739128c1314ca9b2ad27629df0e) Importer(815301076,1909f56bfc062723c751e8b465ee728b)
Start importing Assets/Prefabs/Axe.prefab using Guid(6d577739128c1314ca9b2ad27629df0e) Importer(815301076,1909f56bfc062723c751e8b465ee728b)  -> (artifact id: 'c34645752a66e056fd0c590d3ed50ccc') in 0.020012 seconds 
========================================================================
Received Import Request.
  Time since last request: 2.173322 seconds.
  path: Assets/Prefabs/Axe.prefab
  artifactKey: Guid(6d577739128c1314ca9b2ad27629df0e) Importer(815301076,1909f56bfc062723c751e8b465ee728b)
Start importing Assets/Prefabs/Axe.prefab using Guid(6d577739128c1314ca9b2ad27629df0e) Importer(815301076,1909f56bfc062723c751e8b465ee728b)  -> (artifact id: 'f831a7395273fc38622a356bdddf71a7') in 0.019335 seconds 
========================================================================
Received Import Request.
  Time since last request: 1.587867 seconds.
  path: Assets/Prefabs/Axe.prefab
  artifactKey: Guid(6d577739128c1314ca9b2ad27629df0e) Importer(815301076,1909f56bfc062723c751e8b465ee728b)
Start importing Assets/Prefabs/Axe.prefab using Guid(6d577739128c1314ca9b2ad27629df0e) Importer(815301076,1909f56bfc062723c751e8b465ee728b)  -> (artifact id: '87fc9cb31ad18205521b11775a911a8e') in 0.020695 seconds 
========================================================================
Received Prepare
Registering precompiled user dll's ...
Registered in 0.008387 seconds.
Begin MonoManager ReloadAssembly
Symbol file LoadedFromMemory doesn't match image C:\Users\gholt\Desktop\Unity\deltablade\DeltaBlade\Library\PackageCache\com.unity.visualscripting@1.7.6\Editor\VisualScripting.Core\Dependencies\YamlDotNet\Unity.VisualScripting.YamlDotNet.dll
Symbol file LoadedFromMemory doesn't match image C:\Users\gholt\Desktop\Unity\deltablade\DeltaBlade\Library\PackageCache\com.unity.visualscripting@1.7.6\Editor\VisualScripting.Core\Dependencies\DotNetZip\Unity.VisualScripting.IonicZip.dll
Native extension for WindowsStandalone target not found
Refreshing native plugins compatible for Editor in 1.94 ms, found 4 plugins.
Preloading 0 native plugins for Editor in 0.00 ms.
Mono: successfully reloaded assembly
- Completed reload, in  1.788 seconds
Domain Reload Profiling:
	ReloadAssembly (1789ms)
		BeginReloadAssembly (237ms)
			ExecutionOrderSort (0ms)
			DisableScriptedObjects (8ms)
			BackupInstance (0ms)
			ReleaseScriptingObjects (0ms)
			CreateAndSetChildDomain (67ms)
		EndReloadAssembly (1397ms)
			LoadAssemblies (159ms)
			RebuildTransferFunctionScriptingTraits (0ms)
			SetupTypeCache (398ms)
			ReleaseScriptCaches (2ms)
			RebuildScriptCaches (69ms)
			SetupLoadedEditorAssemblies (704ms)
				LogAssemblyErrors (0ms)
				InitializePlatformSupportModulesInManaged (21ms)
				SetLoadedEditorAssemblies (1ms)
				RefreshPlugins (2ms)
				BeforeProcessingInitializeOnLoad (109ms)
				ProcessInitializeOnLoadAttributes (510ms)
				ProcessInitializeOnLoadMethodAttributes (45ms)
				AfterProcessingInitializeOnLoad (16ms)
				EditorAssembliesLoaded (0ms)
			ExecutionOrderSort2 (0ms)
			AwakeInstancesAfterBackupRestoration (13ms)
Platform modules already initialized, skipping
Refreshing native plugins compatible for Editor in 4.00 ms, found 4 plugins.
Preloading 0 native plugins for Editor in 0.00 ms.
Unloading 4243 Unused Serialized files (Serialized files now loaded: 0)
Unloading 28 unused Assets / (192.5 KB). Loaded Objects now: 4769.
Memory consumption went from 164.9 MB to 164.7 MB.
Total: 6.453500 ms (FindLiveObjects: 0.472400 ms CreateObjectMapping: 0.508200 ms MarkObjects: 5.275300 ms  DeleteObjects: 0.196400 ms)

AssetImportParameters requested are different than current active one (requested -> active):
  custom:video-decoder-ogg-theora: a1e56fd34408186e4bbccfd4996cb3dc -> 
  custom:container-muxer-webm: aa71ff27fc2769a1b78a27578f13a17b -> 
  custom:container-demuxer-webm: 4f35f7cbe854078d1ac9338744f61a02 -> 
  custom:video-encoder-webm-vp8: eb34c28f22e8b96e1ab97ce403110664 -> 
  custom:audio-encoder-webm-vorbis: bf7c407c2cedff20999df2af8eb42d56 -> 
  custom:framework-win-MediaFoundation: 216162199b28c13a410421893ffa2e32 -> 
  custom:container-demuxer-ogg: 62fdf1f143b41e24485cea50d1cbac27 -> 
  custom:video-decoder-webm-vp8: 9c59270c3fd7afecdb556c50c9e8de78 -> 
  custom:audio-decoder-ogg-vorbis: bf7c407c2cedff20999df2af8eb42d56 -> 
========================================================================
Received Prepare
Registering precompiled user dll's ...
Registered in 0.008776 seconds.
Begin MonoManager ReloadAssembly
Symbol file LoadedFromMemory doesn't match image C:\Users\gholt\Desktop\Unity\deltablade\DeltaBlade\Library\PackageCache\com.unity.visualscripting@1.7.6\Editor\VisualScripting.Core\Dependencies\YamlDotNet\Unity.VisualScripting.YamlDotNet.dll
Symbol file LoadedFromMemory doesn't match image C:\Users\gholt\Desktop\Unity\deltablade\DeltaBlade\Library\PackageCache\com.unity.visualscripting@1.7.6\Editor\VisualScripting.Core\Dependencies\DotNetZip\Unity.VisualScripting.IonicZip.dll
Native extension for WindowsStandalone target not found
Refreshing native plugins compatible for Editor in 1.58 ms, found 4 plugins.
Preloading 0 native plugins for Editor in 0.00 ms.
Mono: successfully reloaded assembly
- Completed reload, in  2.501 seconds
Domain Reload Profiling:
	ReloadAssembly (2504ms)
		BeginReloadAssembly (585ms)
			ExecutionOrderSort (0ms)
			DisableScriptedObjects (69ms)
			BackupInstance (0ms)
			ReleaseScriptingObjects (0ms)
			CreateAndSetChildDomain (261ms)
		EndReloadAssembly (1695ms)
			LoadAssemblies (195ms)
			RebuildTransferFunctionScriptingTraits (0ms)
			SetupTypeCache (457ms)
			ReleaseScriptCaches (3ms)
			RebuildScriptCaches (87ms)
			SetupLoadedEditorAssemblies (896ms)
				LogAssemblyErrors (0ms)
				InitializePlatformSupportModulesInManaged (29ms)
				SetLoadedEditorAssemblies (2ms)
				RefreshPlugins (2ms)
				BeforeProcessingInitializeOnLoad (128ms)
				ProcessInitializeOnLoadAttributes (666ms)
				ProcessInitializeOnLoadMethodAttributes (54ms)
				AfterProcessingInitializeOnLoad (15ms)
				EditorAssembliesLoaded (0ms)
			ExecutionOrderSort2 (0ms)
			AwakeInstancesAfterBackupRestoration (15ms)
Platform modules already initialized, skipping
Refreshing native plugins compatible for Editor in 4.66 ms, found 4 plugins.
Preloading 0 native plugins for Editor in 0.00 ms.
Unloading 4243 Unused Serialized files (Serialized files now loaded: 0)
Unloading 28 unused Assets / (192.3 KB). Loaded Objects now: 4771.
Memory consumption went from 164.9 MB to 164.7 MB.
Total: 7.536600 ms (FindLiveObjects: 0.548600 ms CreateObjectMapping: 0.321700 ms MarkObjects: 6.267500 ms  DeleteObjects: 0.396100 ms)

AssetImportParameters requested are different than current active one (requested -> active):
  custom:video-decoder-ogg-theora: a1e56fd34408186e4bbccfd4996cb3dc -> 
  custom:container-muxer-webm: aa71ff27fc2769a1b78a27578f13a17b -> 
  custom:container-demuxer-webm: 4f35f7cbe854078d1ac9338744f61a02 -> 
  custom:video-encoder-webm-vp8: eb34c28f22e8b96e1ab97ce403110664 -> 
  custom:audio-encoder-webm-vorbis: bf7c407c2cedff20999df2af8eb42d56 -> 
  custom:framework-win-MediaFoundation: 216162199b28c13a410421893ffa2e32 -> 
  custom:container-demuxer-ogg: 62fdf1f143b41e24485cea50d1cbac27 -> 
  custom:video-decoder-webm-vp8: 9c59270c3fd7afecdb556c50c9e8de78 -> 
  custom:audio-decoder-ogg-vorbis: bf7c407c2cedff20999df2af8eb42d56 -> 
========================================================================
Received Import Request.
  Time since last request: 10944.860215 seconds.
  path: Assets/Prefabs/Axe.prefab
  artifactKey: Guid(6d577739128c1314ca9b2ad27629df0e) Importer(815301076,1909f56bfc062723c751e8b465ee728b)
Start importing Assets/Prefabs/Axe.prefab using Guid(6d577739128c1314ca9b2ad27629df0e) Importer(815301076,1909f56bfc062723c751e8b465ee728b)  -> (artifact id: '7417605754801e7f9b4ae2590a702387') in 0.201688 seconds 
========================================================================
Received Prepare
Registering precompiled user dll's ...
Registered in 0.012537 seconds.
Begin MonoManager ReloadAssembly
Symbol file LoadedFromMemory doesn't match image C:\Users\gholt\Desktop\Unity\deltablade\DeltaBlade\Library\PackageCache\com.unity.visualscripting@1.7.6\Editor\VisualScripting.Core\Dependencies\YamlDotNet\Unity.VisualScripting.YamlDotNet.dll
Symbol file LoadedFromMemory doesn't match image C:\Users\gholt\Desktop\Unity\deltablade\DeltaBlade\Library\PackageCache\com.unity.visualscripting@1.7.6\Editor\VisualScripting.Core\Dependencies\DotNetZip\Unity.VisualScripting.IonicZip.dll
Native extension for WindowsStandalone target not found
Refreshing native plugins compatible for Editor in 3.64 ms, found 4 plugins.
Preloading 0 native plugins for Editor in 0.00 ms.
Mono: successfully reloaded assembly
- Completed reload, in  1.872 seconds
Domain Reload Profiling:
	ReloadAssembly (1873ms)
		BeginReloadAssembly (175ms)
			ExecutionOrderSort (0ms)
			DisableScriptedObjects (10ms)
			BackupInstance (0ms)
			ReleaseScriptingObjects (0ms)
			CreateAndSetChildDomain (44ms)
		EndReloadAssembly (1557ms)
			LoadAssemblies (136ms)
			RebuildTransferFunctionScriptingTraits (0ms)
			SetupTypeCache (388ms)
			ReleaseScriptCaches (2ms)
			RebuildScriptCaches (70ms)
			SetupLoadedEditorAssemblies (882ms)
				LogAssemblyErrors (0ms)
				InitializePlatformSupportModulesInManaged (39ms)
				SetLoadedEditorAssemblies (1ms)
				RefreshPlugins (4ms)
				BeforeProcessingInitializeOnLoad (191ms)
				ProcessInitializeOnLoadAttributes (589ms)
				ProcessInitializeOnLoadMethodAttributes (44ms)
				AfterProcessingInitializeOnLoad (14ms)
				EditorAssembliesLoaded (0ms)
			ExecutionOrderSort2 (0ms)
			AwakeInstancesAfterBackupRestoration (14ms)
Platform modules already initialized, skipping
Refreshing native plugins compatible for Editor in 5.78 ms, found 4 plugins.
Preloading 0 native plugins for Editor in 0.00 ms.
Unloading 4243 Unused Serialized files (Serialized files now loaded: 0)
Unloading 28 unused Assets / (192.6 KB). Loaded Objects now: 4773.
Memory consumption went from 164.9 MB to 164.7 MB.
Total: 5.509000 ms (FindLiveObjects: 0.631000 ms CreateObjectMapping: 0.503000 ms MarkObjects: 4.009400 ms  DeleteObjects: 0.362900 ms)

AssetImportParameters requested are different than current active one (requested -> active):
  custom:video-decoder-ogg-theora: a1e56fd34408186e4bbccfd4996cb3dc -> 
  custom:container-muxer-webm: aa71ff27fc2769a1b78a27578f13a17b -> 
  custom:container-demuxer-webm: 4f35f7cbe854078d1ac9338744f61a02 -> 
  custom:video-encoder-webm-vp8: eb34c28f22e8b96e1ab97ce403110664 -> 
  custom:audio-encoder-webm-vorbis: bf7c407c2cedff20999df2af8eb42d56 -> 
  custom:framework-win-MediaFoundation: 216162199b28c13a410421893ffa2e32 -> 
  custom:container-demuxer-ogg: 62fdf1f143b41e24485cea50d1cbac27 -> 
  custom:video-decoder-webm-vp8: 9c59270c3fd7afecdb556c50c9e8de78 -> 
  custom:audio-decoder-ogg-vorbis: bf7c407c2cedff20999df2af8eb42d56 -> 
========================================================================
Received Import Request.
  Time since last request: 1562.056713 seconds.
  path: Assets/Prefabs/Knight Axe.prefab
  artifactKey: Guid(0a824c40abceb6c46904acc8a37a24f8) Importer(815301076,1909f56bfc062723c751e8b465ee728b)
Start importing Assets/Prefabs/Knight Axe.prefab using Guid(0a824c40abceb6c46904acc8a37a24f8) Importer(815301076,1909f56bfc062723c751e8b465ee728b)  -> (artifact id: 'acca04ff40c3a5c33ed3647177298f81') in 0.198045 seconds 
